#
# There is insufficient memory for the Java Runtime Environment to continue.
# Native memory allocation (mmap) failed to map 134217728 bytes for G1 virtual space
# Possible reasons:
#   The system is out of physical RAM or swap space
#   The process is running with CompressedOops enabled, and the Java Heap may be blocking the growth of the native heap
# Possible solutions:
#   Reduce memory load on the system
#   Increase physical memory or swap space
#   Check if swap backing store is full
#   Decrease Java heap size (-Xmx/-Xms)
#   Decrease number of Java threads
#   Decrease Java thread stack sizes (-Xss)
#   Set larger code cache with -XX:ReservedCodeCacheSize=
#   JVM is running with Unscaled Compressed Oops mode in which the Java heap is
#     placed in the first 4GB address space. The Java Heap base address is the
#     maximum limit for the native heap growth. Please use -XX:HeapBaseMinAddress
#     to set the Java Heap base and to place the Java Heap above 4GB virtual address.
# This output file may be truncated or incomplete.
#
#  Out of Memory Error (os_windows.cpp:3613), pid=1788, tid=9440
#
# JRE version:  (17.0.9+8) (build )
# Java VM: OpenJDK 64-Bit Server VM (17.0.9+8-LTS, mixed mode, emulated-client, sharing, tiered, compressed oops, compressed class ptrs, g1 gc, windows-amd64)
# No core dump will be written. Minidumps are not enabled by default on client versions of Windows
#

---------------  S U M M A R Y ------------

Command Line: -XX:TieredStopAtLevel=1 -Dspring.output.ansi.enabled=always -Dcom.sun.management.jmxremote -Dspring.jmx.enabled=true -Dspring.liveBeansView.mbeanDomain -Dspring.application.admin.enabled=true -Dmanagement.endpoints.jmx.exposure.include=* -javaagent:C:\Program Files\JetBrains\IntelliJ IDEA 2023.3.4\lib\idea_rt.jar=62727:C:\Program Files\JetBrains\IntelliJ IDEA 2023.3.4\bin -Dfile.encoding=UTF-8 com.example.toiletapps.ToiletAppsApplication

Host: Intel(R) Core(TM) i7-4700HQ CPU @ 2.40GHz, 8 cores, 7G,  Windows 11 , 64 bit Build 22621 (10.0.22621.3235)
Time: Fri Mar 15 14:28:00 2024 FLE Standard Time elapsed time: 0.018084 seconds (0d 0h 0m 0s)

---------------  T H R E A D  ---------------

Current thread (0x0000026ee5ccd740):  JavaThread "Unknown thread" [_thread_in_vm, id=9440, stack(0x0000009cc8200000,0x0000009cc8300000)]

Stack: [0x0000009cc8200000,0x0000009cc8300000]
Native frames: (J=compiled Java code, j=interpreted, Vv=VM code, C=native code)
V  [jvm.dll+0x67cb49]
V  [jvm.dll+0x8344da]
V  [jvm.dll+0x835f9e]
V  [jvm.dll+0x836603]
V  [jvm.dll+0x247b5f]
V  [jvm.dll+0x679969]
V  [jvm.dll+0x66e2ba]
V  [jvm.dll+0x307a5b]
V  [jvm.dll+0x30ef06]
V  [jvm.dll+0x35ecee]
V  [jvm.dll+0x35ef1f]
V  [jvm.dll+0x2de658]
V  [jvm.dll+0x2df5c4]
V  [jvm.dll+0x805d51]
V  [jvm.dll+0x36cb51]
V  [jvm.dll+0x7e47dc]
V  [jvm.dll+0x3f03cf]
V  [jvm.dll+0x3f2001]
C  [jli.dll+0x528f]
C  [ucrtbase.dll+0x29363]
C  [KERNEL32.DLL+0x1257d]
C  [ntdll.dll+0x5aa58]


---------------  P R O C E S S  ---------------

Threads class SMR info:
_java_thread_list=0x00007ffe3444ee98, length=0, elements={
}

Java Threads: ( => current thread )

Other Threads:
  0x0000026ee5d27460 GCTaskThread "GC Thread#0" [stack: 0x0000009cc8300000,0x0000009cc8400000] [id=12144]
  0x0000026ee5d38030 ConcurrentGCThread "G1 Main Marker" [stack: 0x0000009cc8400000,0x0000009cc8500000] [id=6404]
  0x0000026ee5d391f0 ConcurrentGCThread "G1 Conc#0" [stack: 0x0000009cc8500000,0x0000009cc8600000] [id=7732]

[error occurred during error reporting (printing all threads), id 0xc0000005, EXCEPTION_ACCESS_VIOLATION (0xc0000005) at pc=0x00007ffe33c0f097]

VM state: not at safepoint (not fully initialized)

VM Mutex/Monitor currently owned by a thread:  ([mutex/lock_event])
[0x0000026ee5cc83d0] Heap_lock - owner thread: 0x0000026ee5ccd740

Heap address: 0x0000000081c00000, size: 2020 MB, Compressed Oops mode: 32-bit

CDS archive(s) mapped at: [0x0000000000000000-0x0000000000000000-0x0000000000000000), size 0, SharedBaseAddress: 0x0000000800000000, ArchiveRelocationMode: 1.
Narrow klass base: 0x0000000000000000, Narrow klass shift: 0, Narrow klass range: 0x0

GC Precious Log:
<Empty>

Heap:
 garbage-first heap   total 0K, used 0K [0x0000000081c00000, 0x0000000100000000)
  region size 1024K, 0 young (0K), 0 survivors (0K)

[error occurred during error reporting (printing heap information), id 0xc0000005, EXCEPTION_ACCESS_VIOLATION (0xc0000005) at pc=0x00007ffe33ff68f9]

GC Heap History (0 events):
No events

Dll operation events (1 events):
Event: 0.011 Loaded shared library C:\Users\horuz\.jdks\corretto-17.0.9\bin\java.dll

Deoptimization events (0 events):
No events

Classes unloaded (0 events):
No events

Classes redefined (0 events):
No events

Internal exceptions (0 events):
No events

VM Operations (0 events):
No events

Events (0 events):
No events


Dynamic libraries:
0x00007ff73a630000 - 0x00007ff73a63e000 	C:\Users\horuz\.jdks\corretto-17.0.9\bin\java.exe
0x00007ffe83130000 - 0x00007ffe83346000 	C:\WINDOWS\SYSTEM32\ntdll.dll
0x00007ffe822e0000 - 0x00007ffe823a4000 	C:\WINDOWS\System32\KERNEL32.DLL
0x00007ffe80ad0000 - 0x00007ffe80e76000 	C:\WINDOWS\System32\KERNELBASE.dll
0x00007ffe80980000 - 0x00007ffe80a91000 	C:\WINDOWS\System32\ucrtbase.dll
0x00007ffe64770000 - 0x00007ffe6478b000 	C:\Users\horuz\.jdks\corretto-17.0.9\bin\VCRUNTIME140.dll
0x00007ffe60450000 - 0x00007ffe60467000 	C:\Users\horuz\.jdks\corretto-17.0.9\bin\jli.dll
0x00007ffe81d70000 - 0x00007ffe81f1d000 	C:\WINDOWS\System32\USER32.dll
0x00007ffe80aa0000 - 0x00007ffe80ac6000 	C:\WINDOWS\System32\win32u.dll
0x00007ffe724b0000 - 0x00007ffe72743000 	C:\WINDOWS\WinSxS\amd64_microsoft.windows.common-controls_6595b64144ccf1df_6.0.22621.3235_none_270f74e173860f98\COMCTL32.dll
0x00007ffe82ac0000 - 0x00007ffe82ae9000 	C:\WINDOWS\System32\GDI32.dll
0x00007ffe80530000 - 0x00007ffe80648000 	C:\WINDOWS\System32\gdi32full.dll
0x00007ffe82180000 - 0x00007ffe82227000 	C:\WINDOWS\System32\msvcrt.dll
0x00007ffe808e0000 - 0x00007ffe8097a000 	C:\WINDOWS\System32\msvcp_win.dll
0x00007ffe81f20000 - 0x00007ffe81f51000 	C:\WINDOWS\System32\IMM32.DLL
0x00007ffe70640000 - 0x00007ffe7064c000 	C:\Users\horuz\.jdks\corretto-17.0.9\bin\vcruntime140_1.dll
0x00007ffe4add0000 - 0x00007ffe4ae5d000 	C:\Users\horuz\.jdks\corretto-17.0.9\bin\msvcp140.dll
0x00007ffe33920000 - 0x00007ffe34581000 	C:\Users\horuz\.jdks\corretto-17.0.9\bin\server\jvm.dll
0x00007ffe81f60000 - 0x00007ffe82012000 	C:\WINDOWS\System32\ADVAPI32.dll
0x00007ffe82230000 - 0x00007ffe822d8000 	C:\WINDOWS\System32\sechost.dll
0x00007ffe806c0000 - 0x00007ffe806e8000 	C:\WINDOWS\System32\bcrypt.dll
0x00007ffe82460000 - 0x00007ffe82575000 	C:\WINDOWS\System32\RPCRT4.dll
0x00007ffe80340000 - 0x00007ffe8038d000 	C:\WINDOWS\SYSTEM32\POWRPROF.dll
0x00007ffe79c10000 - 0x00007ffe79c44000 	C:\WINDOWS\SYSTEM32\WINMM.dll
0x00007ffe6da80000 - 0x00007ffe6da89000 	C:\WINDOWS\SYSTEM32\WSOCK32.dll
0x00007ffe77ac0000 - 0x00007ffe77aca000 	C:\WINDOWS\SYSTEM32\VERSION.dll
0x00007ffe80f70000 - 0x00007ffe80fe1000 	C:\WINDOWS\System32\WS2_32.dll
0x00007ffe80320000 - 0x00007ffe80333000 	C:\WINDOWS\SYSTEM32\UMPDC.dll
0x00007ffe7f470000 - 0x00007ffe7f488000 	C:\WINDOWS\SYSTEM32\kernel.appcore.dll
0x00007ffe6cfc0000 - 0x00007ffe6cfca000 	C:\Users\horuz\.jdks\corretto-17.0.9\bin\jimage.dll
0x00007ffe6f3f0000 - 0x00007ffe6f623000 	C:\WINDOWS\SYSTEM32\DBGHELP.DLL
0x00007ffe81950000 - 0x00007ffe81cd8000 	C:\WINDOWS\System32\combase.dll
0x00007ffe82840000 - 0x00007ffe82917000 	C:\WINDOWS\System32\OLEAUT32.dll
0x00007ffe6e220000 - 0x00007ffe6e252000 	C:\WINDOWS\SYSTEM32\dbgcore.DLL
0x00007ffe80860000 - 0x00007ffe808da000 	C:\WINDOWS\System32\bcryptPrimitives.dll
0x00007ffe7b9a0000 - 0x00007ffe7b9ae000 	C:\Users\horuz\.jdks\corretto-17.0.9\bin\instrument.dll
0x00007ffe59fe0000 - 0x00007ffe5a005000 	C:\Users\horuz\.jdks\corretto-17.0.9\bin\java.dll

dbghelp: loaded successfully - version: 4.0.5 - missing functions: none
symbol engine: initialized successfully - sym options: 0x614 - pdb path: .;C:\Users\horuz\.jdks\corretto-17.0.9\bin;C:\WINDOWS\SYSTEM32;C:\WINDOWS\WinSxS\amd64_microsoft.windows.common-controls_6595b64144ccf1df_6.0.22621.3235_none_270f74e173860f98;C:\Users\horuz\.jdks\corretto-17.0.9\bin\server

VM Arguments:
jvm_args: -XX:TieredStopAtLevel=1 -Dspring.output.ansi.enabled=always -Dcom.sun.management.jmxremote -Dspring.jmx.enabled=true -Dspring.liveBeansView.mbeanDomain -Dspring.application.admin.enabled=true -Dmanagement.endpoints.jmx.exposure.include=* -javaagent:C:\Program Files\JetBrains\IntelliJ IDEA 2023.3.4\lib\idea_rt.jar=62727:C:\Program Files\JetBrains\IntelliJ IDEA 2023.3.4\bin -Dfile.encoding=UTF-8 
java_command: com.example.toiletapps.ToiletAppsApplication
java_class_path (initial): C:\Users\horuz\IdeaProjects\toilet-apps\target\classes;C:\Users\horuz\.m2\repository\org\springframework\boot\spring-boot-starter-data-jpa\3.1.9\spring-boot-starter-data-jpa-3.1.9.jar;C:\Users\horuz\.m2\repository\org\springframework\boot\spring-boot-starter-aop\3.1.9\spring-boot-starter-aop-3.1.9.jar;C:\Users\horuz\.m2\repository\org\aspectj\aspectjweaver\1.9.21\aspectjweaver-1.9.21.jar;C:\Users\horuz\.m2\repository\org\springframework\boot\spring-boot-starter-jdbc\3.1.9\spring-boot-starter-jdbc-3.1.9.jar;C:\Users\horuz\.m2\repository\com\zaxxer\HikariCP\5.0.1\HikariCP-5.0.1.jar;C:\Users\horuz\.m2\repository\org\springframework\spring-jdbc\6.0.17\spring-jdbc-6.0.17.jar;C:\Users\horuz\.m2\repository\org\hibernate\orm\hibernate-core\6.2.22.Final\hibernate-core-6.2.22.Final.jar;C:\Users\horuz\.m2\repository\jakarta\persistence\jakarta.persistence-api\3.1.0\jakarta.persistence-api-3.1.0.jar;C:\Users\horuz\.m2\repository\jakarta\transaction\jakarta.transaction-api\2.0.1\jakarta.transaction-api-2.0.1.jar;C:\Users\horuz\.m2\repository\org\jboss\logging\jboss-logging\3.5.3.Final\jboss-logging-3.5.3.Final.jar;C:\Users\horuz\.m2\repository\org\hibernate\common\hibernate-commons-annotations\6.0.6.Final\hibernate-commons-annotations-6.0.6.Final.jar;C:\Users\horuz\.m2\repository\io\smallrye\jandex\3.0.5\jandex-3.0.5.jar;C:\Users\horuz\.m2\repository\com\fasterxml\classmate\1.5.1\classmate-1.5.1.jar;C:\Users\horuz\.m2\repository\net\bytebuddy\byte-buddy\1.14.12\byte-buddy-1.14.12.jar;C:\Users\horuz\.m2\repository\org\glassfish\jaxb\jaxb-runtime\4.0.4\jaxb-runtime-4.0.4.jar;C:\Users\horuz\.m2\repository\org\glassfish\jaxb\jaxb-core\4.0.4\jaxb-core-4.0.4.jar;C:\Users\horuz\.m2\repository\org\eclipse\angus\angus-activation\2.0.1\angus-activation-2.0.1.jar;C:\Users\horuz\.m2\repository\org\glassfish\jaxb\txw2\4.0.4\txw2-4.0.4.jar;C:\Users\horuz\.m2\repository\com\sun\istack\istack-commons-runtime\4.1.2\istack-commons-runtime-4.1.2.jar;C:\Users\horuz\.m2\
Launcher Type: SUN_STANDARD

[Global flags]
     intx CICompilerCount                          = 4                                         {product} {ergonomic}
     uint ConcGCThreads                            = 2                                         {product} {ergonomic}
     uint G1ConcRefinementThreads                  = 8                                         {product} {ergonomic}
   size_t G1HeapRegionSize                         = 1048576                                   {product} {ergonomic}
    uintx GCDrainStackTargetSize                   = 64                                        {product} {ergonomic}
   size_t InitialHeapSize                          = 134217728                                 {product} {ergonomic}
     bool ManagementServer                         = true                                      {product} {command line}
   size_t MarkStackSize                            = 4194304                                   {product} {ergonomic}
   size_t MaxHeapSize                              = 2118123520                                {product} {ergonomic}
   size_t MinHeapDeltaBytes                        = 1048576                                   {product} {ergonomic}
   size_t MinHeapSize                              = 8388608                                   {product} {ergonomic}
    uintx NonProfiledCodeHeapSize                  = 0                                      {pd product} {ergonomic}
     bool ProfileInterpreter                       = false                                  {pd product} {command line}
    uintx ProfiledCodeHeapSize                     = 0                                      {pd product} {ergonomic}
   size_t SoftMaxHeapSize                          = 2118123520                             {manageable} {ergonomic}
     intx TieredStopAtLevel                        = 1                                         {product} {command line}
     bool UseCompressedClassPointers               = true                           {product lp64_product} {ergonomic}
     bool UseCompressedOops                        = true                           {product lp64_product} {ergonomic}
     bool UseG1GC                                  = true                                      {product} {ergonomic}
     bool UseLargePagesIndividualAllocation        = false                                  {pd product} {ergonomic}

Logging:
Log output configuration:
 #0: stdout all=warning uptime,level,tags
 #1: stderr all=off uptime,level,tags

Environment Variables:
PATH=C:\oraclexe\app\oracle\product\11.2.0\server\bin;;D:\VM\bin\;C:\Program Files\Microsoft\jdk-17.0.10.7-hotspot\bin;C:\WINDOWS\system32;C:\WINDOWS;C:\WINDOWS\System32\Wbem;C:\WINDOWS\System32\WindowsPowerShell\v1.0\;C:\WINDOWS\System32\OpenSSH\;C:\Program Files\nodejs\;C:\Program Files\Git\cmd;C:\Program Files (x86)\Microsoft SQL Server\160\Tools\Binn\;C:\Program Files\Microsoft SQL Server\160\Tools\Binn\;C:\Program Files\Microsoft SQL Server\Client SDK\ODBC\170\Tools\Binn\;C:\Program Files\Microsoft SQL Server\160\DTS\Binn\;C:\Program Files\Microsoft SQL Server\130\Tools\Binn\;C:\Program Files (x86)\Microsoft SQL Server\160\DTS\Binn\;C:\Program Files\Azure Data Studio\bin;C:\Users\horuz\source\cv\opencv\build\x64\vc15\bin;C:\Program Files\MySQL\MySQL Shell 8.0\bin\;C:\Users\horuz\AppData\Local\Programs\Python\Launcher\;C:\Users\horuz\AppData\Local\Microsoft\WindowsApps;C:\Users\horuz\AppData\Local\Programs\Microsoft VS Code\bin;C:\Users\horuz\AppData\Roaming\npm;C:\Program Files\Azure Data Studio\bin;C:\Users\horuz\AppData\Local\GitHubDesktop\bin;C:\Program Files\Azure Data Studio\bin;
USERNAME=horuz
OS=Windows_NT
PROCESSOR_IDENTIFIER=Intel64 Family 6 Model 60 Stepping 3, GenuineIntel
TMP=C:\Users\horuz\AppData\Local\Temp
TEMP=C:\Users\horuz\AppData\Local\Temp



Periodic native trim disabled


---------------  S Y S T E M  ---------------

OS:
 Windows 11 , 64 bit Build 22621 (10.0.22621.3235)
OS uptime: 0 days 5:28 hours
Hyper-V role detected

CPU: total 8 (initial active 8) (4 cores per cpu, 2 threads per core) family 6 model 60 stepping 3 microcode 0x28, cx8, cmov, fxsr, ht, mmx, sse, sse2, sse3, ssse3, sse4.1, sse4.2, popcnt, lzcnt, tsc, tscinvbit, avx, avx2, aes, erms, clmul, bmi1, bmi2, fma, vzeroupper, clflush, hv
Processor Information for all 8 processors :
  Max Mhz: 2401, Current Mhz: 2401, Mhz Limit: 2401

Memory: 4k page, system-wide physical 8075M (722M free)
TotalPageFile size 12605M (AvailPageFile size 90M)
current process WorkingSet (physical memory assigned to process): 11M, peak: 11M
current process commit charge ("private bytes"): 55M, peak: 183M

vm_info: OpenJDK 64-Bit Server VM (17.0.9+8-LTS) for windows-amd64 JRE (17.0.9+8-LTS), built on Oct 12 2023 16:15:33 by "Administrator" with MS VC++ 16.10 / 16.11 (VS2019)

END.
