#
# There is insufficient memory for the Java Runtime Environment to continue.
# Native memory allocation (mmap) failed to map 65536 bytes for Failed to commit metaspace.
# Possible reasons:
#   The system is out of physical RAM or swap space
#   The process is running with CompressedOops enabled, and the Java Heap may be blocking the growth of the native heap
# Possible solutions:
#   Reduce memory load on the system
#   Increase physical memory or swap space
#   Check if swap backing store is full
#   Decrease Java heap size (-Xmx/-Xms)
#   Decrease number of Java threads
#   Decrease Java thread stack sizes (-Xss)
#   Set larger code cache with -XX:ReservedCodeCacheSize=
#   JVM is running with Unscaled Compressed Oops mode in which the Java heap is
#     placed in the first 4GB address space. The Java Heap base address is the
#     maximum limit for the native heap growth. Please use -XX:HeapBaseMinAddress
#     to set the Java Heap base and to place the Java Heap above 4GB virtual address.
# This output file may be truncated or incomplete.
#
#  Out of Memory Error (virtualSpaceNode.cpp:110), pid=9224, tid=11912
#
# JRE version: OpenJDK Runtime Environment Corretto-17.0.9.8.1 (17.0.9+8) (build 17.0.9+8-LTS)
# Java VM: OpenJDK 64-Bit Server VM Corretto-17.0.9.8.1 (17.0.9+8-LTS, mixed mode, emulated-client, sharing, tiered, compressed oops, compressed class ptrs, g1 gc, windows-amd64)
# No core dump will be written. Minidumps are not enabled by default on client versions of Windows
#

---------------  S U M M A R Y ------------

Command Line: -XX:TieredStopAtLevel=1 -Dspring.output.ansi.enabled=always -Dcom.sun.management.jmxremote -Dspring.jmx.enabled=true -Dspring.liveBeansView.mbeanDomain -Dspring.application.admin.enabled=true -Dmanagement.endpoints.jmx.exposure.include=* -javaagent:C:\Program Files\JetBrains\IntelliJ IDEA 2023.3.4\lib\idea_rt.jar=62737:C:\Program Files\JetBrains\IntelliJ IDEA 2023.3.4\bin -Dfile.encoding=UTF-8 com.example.toiletapps.ToiletAppsApplication

Host: Intel(R) Core(TM) i7-4700HQ CPU @ 2.40GHz, 8 cores, 7G,  Windows 11 , 64 bit Build 22621 (10.0.22621.3235)
Time: Fri Mar 15 14:28:20 2024 FLE Standard Time elapsed time: 1.342253 seconds (0d 0h 0m 1s)

---------------  T H R E A D  ---------------

Current thread (0x000001773a06a8a0):  JavaThread "main" [_thread_in_vm, id=11912, stack(0x0000006e15d00000,0x0000006e15e00000)]

Stack: [0x0000006e15d00000,0x0000006e15e00000]
Native frames: (J=compiled Java code, j=interpreted, Vv=VM code, C=native code)
V  [jvm.dll+0x67cb49]
V  [jvm.dll+0x8344da]
V  [jvm.dll+0x835f9e]
V  [jvm.dll+0x836603]
V  [jvm.dll+0x247b5f]
V  [jvm.dll+0x83019b]
V  [jvm.dll+0x621376]
V  [jvm.dll+0x1c1ede]
V  [jvm.dll+0x623cd1]
V  [jvm.dll+0x621d16]
V  [jvm.dll+0x23c0af]
V  [jvm.dll+0x62bbc5]
V  [jvm.dll+0x1ebebb]
V  [jvm.dll+0x1ec3f5]
V  [jvm.dll+0x1eceb0]
V  [jvm.dll+0x1e22b1]
V  [jvm.dll+0x542c8e]
V  [jvm.dll+0x7ae4d8]
V  [jvm.dll+0x7ae5c4]
V  [jvm.dll+0x410d85]
V  [jvm.dll+0x416f09]
C  [java.dll+0x17ec]

Java frames: (J=compiled Java code, j=interpreted, Vv=VM code)
J 1218  java.lang.ClassLoader.defineClass1(Ljava/lang/ClassLoader;Ljava/lang/String;[BIILjava/security/ProtectionDomain;Ljava/lang/String;)Ljava/lang/Class; java.base@17.0.9 (0 bytes) @ 0x0000017741ebbd63 [0x0000017741ebbca0+0x00000000000000c3]
J 1225 c1 java.lang.ClassLoader.defineClass(Ljava/lang/String;[BIILjava/security/ProtectionDomain;)Ljava/lang/Class; java.base@17.0.9 (43 bytes) @ 0x0000017741fd775c [0x0000017741fd7660+0x00000000000000fc]
J 1154 c1 jdk.internal.loader.BuiltinClassLoader.defineClass(Ljava/lang/String;Ljdk/internal/loader/Resource;)Ljava/lang/Class; java.base@17.0.9 (121 bytes) @ 0x0000017741ea27e4 [0x0000017741ea2320+0x00000000000004c4]
J 1141 c1 jdk.internal.loader.BuiltinClassLoader.findClassOnClassPathOrNull(Ljava/lang/String;)Ljava/lang/Class; java.base@17.0.9 (64 bytes) @ 0x0000017741e9b2dc [0x0000017741e9b020+0x00000000000002bc]
J 909 c1 jdk.internal.loader.BuiltinClassLoader.loadClassOrNull(Ljava/lang/String;Z)Ljava/lang/Class; java.base@17.0.9 (143 bytes) @ 0x0000017741e33adc [0x0000017741e33680+0x000000000000045c]
J 1063 c1 jdk.internal.loader.ClassLoaders$AppClassLoader.loadClass(Ljava/lang/String;Z)Ljava/lang/Class; java.base@17.0.9 (40 bytes) @ 0x0000017741e7a524 [0x0000017741e7a3e0+0x0000000000000144]
J 1062 c1 java.lang.ClassLoader.loadClass(Ljava/lang/String;)Ljava/lang/Class; java.base@17.0.9 (7 bytes) @ 0x0000017741e79964 [0x0000017741e79920+0x0000000000000044]
v  ~StubRoutines::call_stub
j  org.springframework.boot.context.properties.bind.ValueObjectBinder$DefaultValueObject.parseConstructorParameters(Ljava/lang/reflect/Constructor;Lorg/springframework/core/ResolvableType;)Ljava/util/List;+89
j  org.springframework.boot.context.properties.bind.ValueObjectBinder$DefaultValueObject.<init>(Ljava/lang/reflect/Constructor;Lorg/springframework/core/ResolvableType;)V+8
j  org.springframework.boot.context.properties.bind.ValueObjectBinder$DefaultValueObject.get(Ljava/lang/reflect/Constructor;Lorg/springframework/core/ResolvableType;)Lorg/springframework/boot/context/properties/bind/ValueObjectBinder$ValueObject;+6
j  org.springframework.boot.context.properties.bind.ValueObjectBinder$ValueObject.get(Lorg/springframework/boot/context/properties/bind/Bindable;Lorg/springframework/boot/context/properties/bind/BindConstructorProvider;Lorg/springframework/boot/context/properties/bind/Binder$Context;)Lorg/springframework/boot/context/properties/bind/ValueObjectBinder$ValueObject;+74
j  org.springframework.boot.context.properties.bind.ValueObjectBinder.bind(Lorg/springframework/boot/context/properties/source/ConfigurationPropertyName;Lorg/springframework/boot/context/properties/bind/Bindable;Lorg/springframework/boot/context/properties/bind/Binder$Context;Lorg/springframework/boot/context/properties/bind/DataObjectPropertyBinder;)Ljava/lang/Object;+6
j  org.springframework.boot.context.properties.bind.Binder.lambda$bindDataObject$5(Lorg/springframework/boot/context/properties/bind/BindMethod;Lorg/springframework/boot/context/properties/source/ConfigurationPropertyName;Lorg/springframework/boot/context/properties/bind/Bindable;Lorg/springframework/boot/context/properties/bind/Binder$Context;Lorg/springframework/boot/context/properties/bind/DataObjectPropertyBinder;)Ljava/lang/Object;+50
j  org.springframework.boot.context.properties.bind.Binder$$Lambda$192+0x000001774e137518.get()Ljava/lang/Object;+24
j  org.springframework.boot.context.properties.bind.Binder$Context.withIncreasedDepth(Ljava/util/function/Supplier;)Ljava/lang/Object;+5
j  org.springframework.boot.context.properties.bind.Binder$Context.withDataObject(Ljava/lang/Class;Ljava/util/function/Supplier;)Ljava/lang/Object;+12
j  org.springframework.boot.context.properties.bind.Binder.bindDataObject(Lorg/springframework/boot/context/properties/source/ConfigurationPropertyName;Lorg/springframework/boot/context/properties/bind/Bindable;Lorg/springframework/boot/context/properties/bind/BindHandler;Lorg/springframework/boot/context/properties/bind/Binder$Context;Z)Ljava/lang/Object;+77
j  org.springframework.boot.context.properties.bind.Binder.bindObject(Lorg/springframework/boot/context/properties/source/ConfigurationPropertyName;Lorg/springframework/boot/context/properties/bind/Bindable;Lorg/springframework/boot/context/properties/bind/BindHandler;Lorg/springframework/boot/context/properties/bind/Binder$Context;Z)Ljava/lang/Object;+113
j  org.springframework.boot.context.properties.bind.Binder.bind(Lorg/springframework/boot/context/properties/source/ConfigurationPropertyName;Lorg/springframework/boot/context/properties/bind/Bindable;Lorg/springframework/boot/context/properties/bind/BindHandler;Lorg/springframework/boot/context/properties/bind/Binder$Context;ZZ)Ljava/lang/Object;+41
j  org.springframework.boot.context.properties.bind.Binder.bind(Lorg/springframework/boot/context/properties/source/ConfigurationPropertyName;Lorg/springframework/boot/context/properties/bind/Bindable;Lorg/springframework/boot/context/properties/bind/BindHandler;Z)Ljava/lang/Object;+44
j  org.springframework.boot.context.properties.bind.Binder.bind(Lorg/springframework/boot/context/properties/source/ConfigurationPropertyName;Lorg/springframework/boot/context/properties/bind/Bindable;Lorg/springframework/boot/context/properties/bind/BindHandler;)Lorg/springframework/boot/context/properties/bind/BindResult;+5
j  org.springframework.boot.context.config.ConfigDataProperties.get(Lorg/springframework/boot/context/properties/bind/Binder;)Lorg/springframework/boot/context/config/ConfigDataProperties;+14
j  org.springframework.boot.context.config.ConfigDataEnvironmentContributor.withBoundProperties(Ljava/lang/Iterable;Lorg/springframework/boot/context/config/ConfigDataActivationContext;)Lorg/springframework/boot/context/config/ConfigDataEnvironmentContributor;+38
j  org.springframework.boot.context.config.ConfigDataEnvironmentContributors.withProcessedImports(Lorg/springframework/boot/context/config/ConfigDataImporter;Lorg/springframework/boot/context/config/ConfigDataActivationContext;)Lorg/springframework/boot/context/config/ConfigDataEnvironmentContributors;+89
j  org.springframework.boot.context.config.ConfigDataEnvironment.processInitial(Lorg/springframework/boot/context/config/ConfigDataEnvironmentContributors;Lorg/springframework/boot/context/config/ConfigDataImporter;)Lorg/springframework/boot/context/config/ConfigDataEnvironmentContributors;+15
j  org.springframework.boot.context.config.ConfigDataEnvironment.processAndApply()V+42
j  org.springframework.boot.context.config.ConfigDataEnvironmentPostProcessor.postProcessEnvironment(Lorg/springframework/core/env/ConfigurableEnvironment;Lorg/springframework/core/io/ResourceLoader;Ljava/util/Collection;)V+34
j  org.springframework.boot.context.config.ConfigDataEnvironmentPostProcessor.postProcessEnvironment(Lorg/springframework/core/env/ConfigurableEnvironment;Lorg/springframework/boot/SpringApplication;)V+10
j  org.springframework.boot.env.EnvironmentPostProcessorApplicationListener.onApplicationEnvironmentPreparedEvent(Lorg/springframework/boot/context/event/ApplicationEnvironmentPreparedEvent;)V+55
j  org.springframework.boot.env.EnvironmentPostProcessorApplicationListener.onApplicationEvent(Lorg/springframework/context/ApplicationEvent;)V+14
j  org.springframework.context.event.SimpleApplicationEventMulticaster.doInvokeListener(Lorg/springframework/context/ApplicationListener;Lorg/springframework/context/ApplicationEvent;)V+2
j  org.springframework.context.event.SimpleApplicationEventMulticaster.invokeListener(Lorg/springframework/context/ApplicationListener;Lorg/springframework/context/ApplicationEvent;)V+34
j  org.springframework.context.event.SimpleApplicationEventMulticaster.multicastEvent(Lorg/springframework/context/ApplicationEvent;Lorg/springframework/core/ResolvableType;)V+82
j  org.springframework.context.event.SimpleApplicationEventMulticaster.multicastEvent(Lorg/springframework/context/ApplicationEvent;)V+3
j  org.springframework.boot.context.event.EventPublishingRunListener.multicastInitialEvent(Lorg/springframework/context/ApplicationEvent;)V+9
j  org.springframework.boot.context.event.EventPublishingRunListener.environmentPrepared(Lorg/springframework/boot/ConfigurableBootstrapContext;Lorg/springframework/core/env/ConfigurableEnvironment;)V+18
j  org.springframework.boot.SpringApplicationRunListeners.lambda$environmentPrepared$2(Lorg/springframework/boot/ConfigurableBootstrapContext;Lorg/springframework/core/env/ConfigurableEnvironment;Lorg/springframework/boot/SpringApplicationRunListener;)V+3
j  org.springframework.boot.SpringApplicationRunListeners$$Lambda$163+0x000001774e127718.accept(Ljava/lang/Object;)V+12
j  java.lang.Iterable.forEach(Ljava/util/function/Consumer;)V+30 java.base@17.0.9
j  org.springframework.boot.SpringApplicationRunListeners.doWithListeners(Ljava/lang/String;Ljava/util/function/Consumer;Ljava/util/function/Consumer;)V+17
j  org.springframework.boot.SpringApplicationRunListeners.doWithListeners(Ljava/lang/String;Ljava/util/function/Consumer;)V+4
j  org.springframework.boot.SpringApplicationRunListeners.environmentPrepared(Lorg/springframework/boot/ConfigurableBootstrapContext;Lorg/springframework/core/env/ConfigurableEnvironment;)V+10
j  org.springframework.boot.SpringApplication.prepareEnvironment(Lorg/springframework/boot/SpringApplicationRunListeners;Lorg/springframework/boot/DefaultBootstrapContext;Lorg/springframework/boot/ApplicationArguments;)Lorg/springframework/core/env/ConfigurableEnvironment;+27
j  org.springframework.boot.SpringApplication.run([Ljava/lang/String;)Lorg/springframework/context/ConfigurableApplicationContext;+65
j  org.springframework.boot.SpringApplication.run([Ljava/lang/Class;[Ljava/lang/String;)Lorg/springframework/context/ConfigurableApplicationContext;+9
j  org.springframework.boot.SpringApplication.run(Ljava/lang/Class;[Ljava/lang/String;)Lorg/springframework/context/ConfigurableApplicationContext;+9
j  com.example.toiletapps.ToiletAppsApplication.main([Ljava/lang/String;)V+3
v  ~StubRoutines::call_stub

Compiled method (n/a)    1364 1218     n 0       java.lang.ClassLoader::defineClass1 (native)
 total in heap  [0x0000017741ebbb10,0x0000017741ebbff0] = 1248
 relocation     [0x0000017741ebbc68,0x0000017741ebbca0] = 56
 main code      [0x0000017741ebbca0,0x0000017741ebbff0] = 848

[Constant Pool (empty)]

[MachCode]
[Entry Point]
  # {method} {0x000001774d010f28} 'defineClass1' '(Ljava/lang/ClassLoader;Ljava/lang/String;[BIILjava/security/ProtectionDomain;Ljava/lang/String;)Ljava/lang/Class;' in 'java/lang/ClassLoader'
  # parm0:    rdx:rdx   = 'java/lang/ClassLoader'
  # parm1:    r8:r8     = 'java/lang/String'
  # parm2:    r9:r9     = '[B'
  # parm3:    rdi       = int
  # parm4:    rsi       = int
  # parm5:    rcx:rcx   = 'java/security/ProtectionDomain'
  # parm6:    [sp+0xa0]   = 'java/lang/String'  (sp of caller)
  0x0000017741ebbca0: 448b 5208 | 49bb 0000 | 004d 7701 | 0000 4d03 | d349 3bc2 | 0f84 0600 

  0x0000017741ebbcb8: ;   {runtime_call ic_miss_stub}
  0x0000017741ebbcb8: 0000 e9c1 | 53cf ff90 
[Verified Entry Point]
  0x0000017741ebbcc0: 8984 2400 | 90ff ff55 | 488b ec48 | 81ec 9000 | 0000 4881 | 7d10 0000 | 0000 488d | 4510 480f 
  0x0000017741ebbce0: 4445 1048 | 8944 2440 | 4889 4c24 | 7048 83f9 | 0048 8d44 | 2470 480f | 4444 2470 | 4889 4424 
  0x0000017741ebbd00: 3848 8974 | 2430 4889 | 7c24 284c | 894c 2458 | 4983 f900 | 488d 4424 | 5848 0f44 | 4424 5848 
  0x0000017741ebbd20: 8944 2420 | 4c89 4424 | 5049 83f8 | 004c 8d4c | 2450 4c0f | 444c 2450 | 4889 5424 | 4848 83fa 
  0x0000017741ebbd40: 004c 8d44 | 2448 4c0f | 4444 2448 

  0x0000017741ebbd4c: ;   {oop(a 'java/lang/Class'{0x0000000088480118} = 'java/lang/ClassLoader')}
  0x0000017741ebbd4c: 49be 1801 | 4888 0000 | 0000 4c89 | 7424 784c | 8d74 2478 | 498b d6c5 

  0x0000017741ebbd64: ;   {internal_word}
  0x0000017741ebbd64: f877 49ba | 63bd eb41 | 7701 0000 | 4d89 97a0 | 0200 0049 | 89a7 9802 

  0x0000017741ebbd7c: ;   {external_word}
  0x0000017741ebbd7c: 0000 49ba | 6e35 4a34 | fe7f 0000 | 4180 3a00 | 0f84 5200 | 0000 5241 

  0x0000017741ebbd94: ;   {metadata({method} {0x000001774d010f28} 'defineClass1' '(Ljava/lang/ClassLoader;Ljava/lang/String;[BIILjava/security/ProtectionDomain;Ljava/lang/String;)Ljava/lang/Class;' in 'java/lang/ClassLoader')}
  0x0000017741ebbd94: 5041 5148 | ba20 0f01 | 4d77 0100 | 0049 8bcf | 4883 ec20 | f7c4 0f00 | 0000 0f84 | 1a00 0000 
  0x0000017741ebbdb4: 4883 ec08 

  0x0000017741ebbdb8: ;   {runtime_call}
  0x0000017741ebbdb8: 49ba 4029 | 0034 fe7f | 0000 41ff | d248 83c4 | 08e9 0d00 

  0x0000017741ebbdcc: ;   {runtime_call}
  0x0000017741ebbdcc: 0000 49ba | 4029 0034 | fe7f 0000 | 41ff d248 | 83c4 2041 | 5941 585a | 498d 8fb8 | 0200 0041 
  0x0000017741ebbdec: c787 4803 | 0000 0400 

  0x0000017741ebbdf4: ;   {runtime_call}
  0x0000017741ebbdf4: 0000 49ba | ac16 fe59 | fe7f 0000 | 41ff d2c5 | f877 41c7 | 8748 0300 | 0005 0000 | 00f0 8344 
  0x0000017741ebbe14: 24c0 0049 | 3baf 5003 | 0000 0f87 | 1100 0000 | 4181 bf38 | 0300 0000 | 0000 000f | 842c 0000 
  0x0000017741ebbe34: 00c5 f877 | 4889 45f8 | 498b cf4c | 8be4 4883 | ec20 4883 

  0x0000017741ebbe48: ;   {runtime_call}
  0x0000017741ebbe48: e4f0 49ba | 203e 1034 | fe7f 0000 | 41ff d249 | 8be4 4d33 | e448 8b45 | f841 c787 | 4803 0000 
  0x0000017741ebbe68: 0800 0000 | 4181 bfb8 | 0300 0002 | 0000 000f | 843f 0100 

  0x0000017741ebbe7c: ;   {external_word}
  0x0000017741ebbe7c: 0049 ba6e | 354a 34fe | 7f00 0041 | 803a 000f | 8450 0000 | 0048 8945 

  0x0000017741ebbe94: ;   {metadata({method} {0x000001774d010f28} 'defineClass1' '(Ljava/lang/ClassLoader;Ljava/lang/String;[BIILjava/security/ProtectionDomain;Ljava/lang/String;)Ljava/lang/Class;' in 'java/lang/ClassLoader')}
  0x0000017741ebbe94: f848 ba20 | 0f01 4d77 | 0100 0049 | 8bcf 4883 | ec20 f7c4 | 0f00 0000 | 0f84 1a00 | 0000 4883 
  0x0000017741ebbeb4: ;   {runtime_call}
  0x0000017741ebbeb4: ec08 49ba | 4029 0034 | fe7f 0000 | 41ff d248 | 83c4 08e9 | 0d00 0000 

  0x0000017741ebbecc: ;   {runtime_call}
  0x0000017741ebbecc: 49ba 4029 | 0034 fe7f | 0000 41ff | d248 83c4 | 2048 8b45 | f849 c787 | 9802 0000 | 0000 0000 
  0x0000017741ebbeec: 49c7 87a0 | 0200 0000 | 0000 00c5 | f877 4885 | c00f 8493 | 0000 0048 | f7c0 0100 | 0000 0f84 
  0x0000017741ebbf0c: 8300 0000 | 488b 40ff | 4180 7f38 | 000f 846f | 0000 0048 | 83f8 000f | 8465 0000 | 0049 8b4f 
  0x0000017741ebbf2c: 2048 83f9 | 000f 8414 | 0000 0048 | 83e9 0849 | 894f 2049 | 034f 3048 | 8901 e943 | 0000 0050 
  0x0000017741ebbf4c: 498b d748 | 8bc8 4883 | ec20 f7c4 | 0f00 0000 | 0f84 1a00 | 0000 4883 

  0x0000017741ebbf64: ;   {runtime_call}
  0x0000017741ebbf64: ec08 49ba | 604c bf33 | fe7f 0000 | 41ff d248 | 83c4 08e9 | 0d00 0000 

  0x0000017741ebbf7c: ;   {runtime_call}
  0x0000017741ebbf7c: 49ba 604c | bf33 fe7f | 0000 41ff | d248 83c4 | 2058 e903 | 0000 0048 | 8b00 498b | 8fd8 0000 
  0x0000017741ebbf9c: 00c7 8100 | 0100 0000 | 0000 00c9 | 4981 7f08 | 0000 0000 | 0f85 0100 

  0x0000017741ebbfb4: ;   {runtime_call StubRoutines (1)}
  0x0000017741ebbfb4: 0000 c3e9 | 444f caff | c5f8 7748 | 8945 f84c | 8be4 4883 | ec20 4883 

  0x0000017741ebbfcc: ;   {runtime_call}
  0x0000017741ebbfcc: e4f0 49ba | d059 0034 | fe7f 0000 | 41ff d249 | 8be4 4d33 | e448 8b45 | f8e9 93fe | ffff f4f4 
  0x0000017741ebbfec: f4f4 f4f4 
[/MachCode]


Compiled method (c1)    1372 1225       1       java.lang.ClassLoader::defineClass (43 bytes)
 total in heap  [0x0000017741fd7490,0x0000017741fd7a30] = 1440
 relocation     [0x0000017741fd75e8,0x0000017741fd7648] = 96
 main code      [0x0000017741fd7660,0x0000017741fd7800] = 416
 stub code      [0x0000017741fd7800,0x0000017741fd7878] = 120
 metadata       [0x0000017741fd7878,0x0000017741fd78a8] = 48
 scopes data    [0x0000017741fd78a8,0x0000017741fd7960] = 184
 scopes pcs     [0x0000017741fd7960,0x0000017741fd7a00] = 160
 dependencies   [0x0000017741fd7a00,0x0000017741fd7a08] = 8
 nul chk table  [0x0000017741fd7a08,0x0000017741fd7a30] = 40

[Constant Pool (empty)]

[MachCode]
[Entry Point]
  # {method} {0x000001774d010cc0} 'defineClass' '(Ljava/lang/String;[BIILjava/security/ProtectionDomain;)Ljava/lang/Class;' in 'java/lang/ClassLoader'
  # this:     rdx:rdx   = 'java/lang/ClassLoader'
  # parm0:    r8:r8     = 'java/lang/String'
  # parm1:    r9:r9     = '[B'
  # parm2:    rdi       = int
  # parm3:    rsi       = int
  # parm4:    rcx:rcx   = 'java/security/ProtectionDomain'
  #           [sp+0xc0]  (sp of caller)
  0x0000017741fd7660: 448b 5208 | 49bb 0000 | 004d 7701 | 0000 4d03 | d34c 3bd0 

  0x0000017741fd7674: ;   {runtime_call ic_miss_stub}
  0x0000017741fd7674: 0f85 069a | bdff 660f | 1f44 0000 
[Verified Entry Point]
  0x0000017741fd7680: 8984 2400 | 90ff ff55 | 4881 ecb0 | 0000 0048 | 8954 2478 | 89b4 2494 | 0000 0089 | bc24 9000 
  0x0000017741fd76a0: 0000 4c89 | 8c24 8800 | 0000 498b | d84c 8bc3 | 4c8b c948 | 8bca 488b | d148 899c | 2480 0000 
  0x0000017741fd76c0: 0066 0f1f 

  0x0000017741fd76c4: ;   {optimized virtual_call}
  0x0000017741fd76c4: 4400 00e8 

  0x0000017741fd76c8: ; ImmutableOopMap {[120]=Oop [136]=Oop [128]=Oop }
                      ;*invokevirtual preDefineClass {reexecute=0 rethrow=0 return_oop=0}
                      ; - java.lang.ClassLoader::defineClass@4 (line 1015)
  0x0000017741fd76c8: 7427 0000 | 4889 8424 | 9800 0000 

  0x0000017741fd76d4: ; implicit exception: dispatches to 0x0000017741fd779a
  0x0000017741fd76d4: 448b 4010 | 4983 f800 | 0f85 0f00 

  0x0000017741fd76e0: ;   {oop(NULL)}
  0x0000017741fd76e0: 0000 48bb | 0000 0000 | 0000 0000 | e936 0000 | 0045 8b40 | 0c49 83f8 | 000f 850f 

  0x0000017741fd76fc: ;   {oop(NULL)}
  0x0000017741fd76fc: 0000 0048 | bb00 0000 | 0000 0000 | 00e9 1900 | 0000 418b | 5038 483b 

  0x0000017741fd7714: ;   {optimized virtual_call}
  0x0000017741fd7714: 0266 90e8 

  0x0000017741fd7718: ; ImmutableOopMap {[120]=Oop [136]=Oop [128]=Oop [152]=Oop }
                      ;*invokevirtual toExternalForm {reexecute=0 rethrow=0 return_oop=0}
                      ; - java.net.URL::toExternalForm@5 (line 1039)
                      ; - java.net.URL::toString@1 (line 1025)
                      ; - java.lang.ClassLoader::defineClassSourceLocation@22 (line 917)
                      ; - java.lang.ClassLoader::defineClass@12 (line 1016)
  0x0000017741fd7718: 0446 eaff | 488b d848 | 8b84 2498 | 0000 008b | b424 9400 | 0000 8bbc | 2490 0000 | 004c 8b8c 
  0x0000017741fd7738: 2488 0000 | 004c 8b84 | 2480 0000 | 0048 8b54 | 2478 4c8b | da49 8bd3 | 488b c848 

  0x0000017741fd7754: ;   {static_call}
  0x0000017741fd7754: 891c 24e8 

  0x0000017741fd7758: ; ImmutableOopMap {[152]=Oop [120]=Oop }
                      ;*invokestatic defineClass1 {reexecute=0 rethrow=0 return_oop=0}
                      ; - java.lang.ClassLoader::defineClass@27 (line 1017)
  0x0000017741fd7758: 6445 eeff | 4c8b c04c | 8b8c 2498 | 0000 0048 | 8b54 2478 | 4889 8424 | a000 0000 

  0x0000017741fd7774: ;   {optimized virtual_call}
  0x0000017741fd7774: 6666 90e8 

  0x0000017741fd7778: ; ImmutableOopMap {[160]=Oop }
                      ;*invokevirtual postDefineClass {reexecute=0 rethrow=0 return_oop=0}
                      ; - java.lang.ClassLoader::defineClass@37 (line 1018)
  0x0000017741fd7778: 0409 0000 | 488b 8424 | a000 0000 | 4881 c4b0 | 0000 005d 

  0x0000017741fd778c: ;   {poll_return}
  0x0000017741fd778c: 493b a750 | 0300 000f | 8715 0000 

  0x0000017741fd7798: ;   {runtime_call throw_null_pointer_exception Runtime1 stub}
  0x0000017741fd7798: 00c3 e881 

  0x0000017741fd779c: ; ImmutableOopMap {[120]=Oop [136]=Oop [128]=Oop rax=Oop [152]=Oop }
                      ;*invokevirtual getCodeSource {reexecute=0 rethrow=0 return_oop=0}
                      ; - java.lang.ClassLoader::defineClassSourceLocation@1 (line 914)
                      ; - java.lang.ClassLoader::defineClass@12 (line 1016)
                      ;   {runtime_call throw_null_pointer_exception Runtime1 stub}
  0x0000017741fd779c: a7c7 ffe8 

  0x0000017741fd77a0: ; ImmutableOopMap {[120]=Oop [136]=Oop [128]=Oop rax=Oop [152]=Oop }
                      ;*invokevirtual getLocation {reexecute=0 rethrow=0 return_oop=0}
                      ; - java.lang.ClassLoader::defineClassSourceLocation@12 (line 916)
                      ; - java.lang.ClassLoader::defineClass@12 (line 1016)
  0x0000017741fd77a0: 7ca7 c7ff 

  0x0000017741fd77a4: ;   {runtime_call throw_null_pointer_exception Runtime1 stub}
  0x0000017741fd77a4: e877 a7c7 

  0x0000017741fd77a8: ; ImmutableOopMap {[120]=Oop [136]=Oop [128]=Oop [152]=Oop r8=Oop }
                      ;*invokevirtual toString {reexecute=0 rethrow=0 return_oop=0}
                      ; - java.lang.ClassLoader::defineClassSourceLocation@22 (line 917)
                      ; - java.lang.ClassLoader::defineClass@12 (line 1016)
                      ;   {runtime_call throw_null_pointer_exception Runtime1 stub}
  0x0000017741fd77a8: ffe8 72a7 

  0x0000017741fd77ac: ; ImmutableOopMap {[120]=Oop [136]=Oop [128]=Oop [152]=Oop r8=Oop rdx=Oop }
                      ;*invokevirtual toExternalForm {reexecute=0 rethrow=0 return_oop=0}
                      ; - java.net.URL::toExternalForm@5 (line 1039)
                      ; - java.net.URL::toString@1 (line 1025)
                      ; - java.lang.ClassLoader::defineClassSourceLocation@22 (line 917)
                      ; - java.lang.ClassLoader::defineClass@12 (line 1016)
                      ;   {internal_word}
  0x0000017741fd77ac: c7ff 49ba | 8c77 fd41 | 7701 0000 | 4d89 9768 

  0x0000017741fd77bc: ;   {runtime_call SafepointBlob}
  0x0000017741fd77bc: 0300 00e9 | 3c02 beff | 9090 498b | 87e0 0300 | 0049 c787 | e003 0000 | 0000 0000 | 49c7 87e8 
  0x0000017741fd77dc: 0300 0000 | 0000 0048 | 81c4 b000 

  0x0000017741fd77e8: ;   {runtime_call unwind_exception Runtime1 stub}
  0x0000017741fd77e8: 0000 5de9 | 1095 c7ff | f4f4 f4f4 | f4f4 f4f4 | f4f4 f4f4 | f4f4 f4f4 
[Stub Code]
  0x0000017741fd7800: ;   {no_reloc}
  0x0000017741fd7800: 0f1f 4400 

  0x0000017741fd7804: ;   {static_stub}
  0x0000017741fd7804: 0048 bb00 | 0000 0000 

  0x0000017741fd780c: ;   {runtime_call}
  0x0000017741fd780c: 0000 00e9 | fbff ffff 

  0x0000017741fd7814: ;   {static_stub}
  0x0000017741fd7814: 9048 bb00 | 0000 0000 

  0x0000017741fd781c: ;   {runtime_call}
  0x0000017741fd781c: 0000 00e9 | fbff ffff 

  0x0000017741fd7824: ;   {static_stub}
  0x0000017741fd7824: 9048 bb00 | 0000 0000 

  0x0000017741fd782c: ;   {runtime_call}
  0x0000017741fd782c: 0000 00e9 | fbff ffff 

  0x0000017741fd7834: ;   {static_stub}
  0x0000017741fd7834: 9048 bb00 | 0000 0000 

  0x0000017741fd783c: ;   {runtime_call}
  0x0000017741fd783c: 0000 00e9 | fbff ffff 
[Exception Handler]
  0x0000017741fd7844: ;   {runtime_call handle_exception_from_callee Runtime1 stub}
  0x0000017741fd7844: e8b7 c4c7 

  0x0000017741fd7848: ;   {external_word}
  0x0000017741fd7848: ff48 b940 | 9a24 34fe | 7f00 0048 

  0x0000017741fd7854: ;   {runtime_call}
  0x0000017741fd7854: 83e4 f049 | ba60 2bed | 33fe 7f00 | 0041 ffd2 

  0x0000017741fd7864: ;   {section_word}
  0x0000017741fd7864: f449 ba65 | 78fd 4177 | 0100 0041 

  0x0000017741fd7870: ;   {runtime_call DeoptimizationBlob}
  0x0000017741fd7870: 52e9 2af4 | bdff f4f4 
[/MachCode]


Compiled method (c1)    1379 1154       1       jdk.internal.loader.BuiltinClassLoader::defineClass (121 bytes)
 total in heap  [0x0000017741ea2090,0x0000017741ea2f08] = 3704
 relocation     [0x0000017741ea21e8,0x0000017741ea2318] = 304
 main code      [0x0000017741ea2320,0x0000017741ea2940] = 1568
 stub code      [0x0000017741ea2940,0x0000017741ea2a88] = 328
 metadata       [0x0000017741ea2a88,0x0000017741ea2ad0] = 72
 scopes data    [0x0000017741ea2ad0,0x0000017741ea2d28] = 600
 scopes pcs     [0x0000017741ea2d28,0x0000017741ea2ec8] = 416
 dependencies   [0x0000017741ea2ec8,0x0000017741ea2ed0] = 8
 handler table  [0x0000017741ea2ed0,0x0000017741ea2ee8] = 24
 nul chk table  [0x0000017741ea2ee8,0x0000017741ea2f08] = 32

[Constant Pool (empty)]

[MachCode]
[Entry Point]
  # {method} {0x000001774d434550} 'defineClass' '(Ljava/lang/String;Ljdk/internal/loader/Resource;)Ljava/lang/Class;' in 'jdk/internal/loader/BuiltinClassLoader'
  # this:     rdx:rdx   = 'jdk/internal/loader/BuiltinClassLoader'
  # parm0:    r8:r8     = 'java/lang/String'
  # parm1:    r9:r9     = 'jdk/internal/loader/Resource'
  #           [sp+0x110]  (sp of caller)
  0x0000017741ea2320: 448b 5208 | 49bb 0000 | 004d 7701 | 0000 4d03 | d34c 3bd0 

  0x0000017741ea2334: ;   {runtime_call ic_miss_stub}
  0x0000017741ea2334: 0f85 46ed | d0ff 660f | 1f44 0000 
[Verified Entry Point]
  0x0000017741ea2340: 8984 2400 | 90ff ff55 | 4881 ec00 | 0100 0048 | 8994 24a0 | 0000 004c | 8984 2490 | 0000 004c 
  0x0000017741ea2360: 898c 2498 | 0000 0049 | 8bd1 6666 | 9048 b810 | b119 4d77 

  0x0000017741ea2374: ;   {virtual_call}
  0x0000017741ea2374: 0100 00e8 

  0x0000017741ea2378: ; ImmutableOopMap {[152]=Oop [160]=Oop [144]=Oop }
                      ;*invokevirtual getCodeSourceURL {reexecute=0 rethrow=0 return_oop=0}
                      ; - jdk.internal.loader.BuiltinClassLoader::defineClass@1 (line 842)
  0x0000017741ea2378: 2461 1300 | 4889 8424 | a800 0000 | 4c8b 8424 | 9000 0000 

  0x0000017741ea238c: ; implicit exception: dispatches to 0x0000017741ea2843
  0x0000017741ea238c: 418b 7014 

  0x0000017741ea2390: ; implicit exception: dispatches to 0x0000017741ea2848
  0x0000017741ea2390: 8b56 0c45 | 0fbe 4810 | 498b c9c1 | e118 c1f9 | 18d3 fa48 | 8bfa ffcf | 4183 f900 | ba00 0000 
  0x0000017741ea23b0: 000f 8505 | 0000 00ba | 0100 0000 | 83e2 0183 | fa00 488b | d641 b82e | 0000 004c | 8bcf 0f84 
  0x0000017741ea23d0: 0d00 0000 

  0x0000017741ea23d4: ;   {static_call}
  0x0000017741ea23d4: 6666 90e8 

  0x0000017741ea23d8: ; ImmutableOopMap {[152]=Oop [160]=Oop [168]=Oop [144]=Oop }
                      ;*invokestatic lastIndexOf {reexecute=0 rethrow=0 return_oop=0}
                      ; - java.lang.String::lastIndexOf@13 (line 2489)
                      ; - java.lang.String::lastIndexOf@8 (line 2451)
                      ; - jdk.internal.loader.BuiltinClassLoader::defineClass@8 (line 845)
  0x0000017741ea23d8: 4463 e8ff | e90b 0000 | 0066 0f1f 

  0x0000017741ea23e4: ;   {static_call}
  0x0000017741ea23e4: 4400 00e8 

  0x0000017741ea23e8: ; ImmutableOopMap {[152]=Oop [160]=Oop [168]=Oop [144]=Oop }
                      ;*invokestatic lastIndexOf {reexecute=0 rethrow=0 return_oop=0}
                      ; - java.lang.String::lastIndexOf@25 (line 2490)
                      ; - java.lang.String::lastIndexOf@8 (line 2451)
                      ; - jdk.internal.loader.BuiltinClassLoader::defineClass@8 (line 845)
  0x0000017741ea23e8: 94f5 d0ff | 83f8 ff0f | 8467 0000 | 0041 b800 | 0000 004c | 8bc8 488b | 9424 9000 

  0x0000017741ea2404: ;   {optimized virtual_call}
  0x0000017741ea2404: 0000 90e8 

  0x0000017741ea2408: ; ImmutableOopMap {[152]=Oop [160]=Oop [168]=Oop [144]=Oop }
                      ;*invokevirtual substring {reexecute=0 rethrow=0 return_oop=0}
                      ; - jdk.internal.loader.BuiltinClassLoader::defineClass@23 (line 847)
  0x0000017741ea2408: f488 e7ff | 488b 9424 | 9800 0000 | 4889 8424 | b000 0000 | 9048 b810 | b119 4d77 

  0x0000017741ea2424: ;   {virtual_call}
  0x0000017741ea2424: 0100 00e8 

  0x0000017741ea2428: ; ImmutableOopMap {[152]=Oop [160]=Oop [168]=Oop [144]=Oop [176]=Oop }
                      ;*invokevirtual getManifest {reexecute=0 rethrow=0 return_oop=0}
                      ; - jdk.internal.loader.BuiltinClassLoader::defineClass@29 (line 848)
  0x0000017741ea2428: d488 1300 | 4c8b 8424 | b000 0000 | 4c8b c848 | 8bbc 24a8 | 0000 0048 | 8b94 24a0 | 0000 0066 
  0x0000017741ea2448: 0f1f 4400 | 0048 b838 | dc07 4d77 

  0x0000017741ea2454: ;   {virtual_call}
  0x0000017741ea2454: 0100 00e8 

  0x0000017741ea2458: ; ImmutableOopMap {[152]=Oop [160]=Oop [168]=Oop [144]=Oop }
                      ;*invokevirtual defineOrCheckPackage {reexecute=0 rethrow=0 return_oop=0}
                      ; - jdk.internal.loader.BuiltinClassLoader::defineClass@40 (line 849)
  0x0000017741ea2458: c4fa ffff | 4c8b 8c24 | 9800 0000 | 488d 9424 | e000 0000 | 4c89 4a08 | 498b 0148 | 83c8 0148 
  0x0000017741ea2478: 8902 f049 | 0fb1 110f | 8413 0000 | 0048 2bc4 | 4881 e007 | f0ff ff48 | 8902 0f85 | b503 0000 
  0x0000017741ea2498: 418b 510c | 4883 fa00 | 0f85 4700 | 0000 498b | d10f 1f40 | 0048 b810 | b119 4d77 

  0x0000017741ea24b4: ;   {virtual_call}
  0x0000017741ea24b4: 0100 00e8 

  0x0000017741ea24b8: ; ImmutableOopMap {[160]=Oop [168]=Oop [144]=Oop [152]=Oop [232]=Oop }
                      ;*invokevirtual getInputStream {reexecute=0 rethrow=0 return_oop=0}
                      ; - jdk.internal.loader.Resource::cachedInputStream@9 (line 77)
                      ; - jdk.internal.loader.Resource::getByteBuffer@1 (line 163)
                      ; - jdk.internal.loader.BuiltinClassLoader::defineClass@45 (line 853)
  0x0000017741ea24b8: e491 1300 | 410f be57 | 3883 fa00 | 4c8b 8c24 | 9800 0000 | 0f85 8e03 | 0000 4c8b | d045 8951 
  0x0000017741ea24d8: 0c49 8bd1 | 4833 d048 | c1ea 1448 | 83fa 000f | 858f 0300 | 0041 8b51 | 0c48 8d84 | 24e0 0000 
  0x0000017741ea24f8: 0048 8b30 | 4885 f60f | 840f 0000 | 0048 8b78 | 08f0 480f | b137 0f85 | 8003 0000 | 4883 fa00 
  0x0000017741ea2518: 0f84 4400 

  0x0000017741ea251c: ;   {metadata('sun/nio/ByteBuffered')}
  0x0000017741ea251c: 0000 48b8 | 40dd 0d4d | 7701 0000 | 8b5a 0849 | ba00 0000 | 4d77 0100 | 0049 03da | 483b 4320 
  0x0000017741ea253c: 0f84 2500 | 0000 483b | d80f 841c | 0000 0053 

  0x0000017741ea254c: ;   {runtime_call slow_subtype_check Runtime1 stub}
  0x0000017741ea254c: 50e8 ae23 | dbff 5b5b | 83fb 000f | 8405 0000 | 00e9 0500 | 0000 4833 | f6eb 0a48 | be01 0000 
  0x0000017741ea256c: 0000 0000 | 0083 fe00 | 0f84 6700 | 0000 4883 | fa00 0f84 | 4400 0000 

  0x0000017741ea2584: ;   {metadata('sun/nio/ByteBuffered')}
  0x0000017741ea2584: 48bb 40dd | 0d4d 7701 | 0000 8b7a | 0849 ba00 | 0000 4d77 | 0100 0049 | 03fa 483b | 5f20 0f84 
  0x0000017741ea25a4: 2000 0000 | 483b fb0f | 8417 0000 

  0x0000017741ea25b0: ;   {runtime_call slow_subtype_check Runtime1 stub}
  0x0000017741ea25b0: 0057 53e8 | 4823 dbff | 5f5f 83ff | 000f 84e7 | 0200 00e9 | 0000 0000 | 0f1f 4400 | 0048 b8ff 
  0x0000017741ea25d0: ffff ffff 

  0x0000017741ea25d4: ;   {virtual_call}
  0x0000017741ea25d4: ffff ffe8 

  0x0000017741ea25d8: ; ImmutableOopMap {[160]=Oop [168]=Oop [144]=Oop [152]=Oop }
                      ;*invokeinterface getByteBuffer {reexecute=0 rethrow=0 return_oop=0}
                      ; - jdk.internal.loader.Resource::getByteBuffer@16 (line 165)
                      ; - jdk.internal.loader.BuiltinClassLoader::defineClass@45 (line 853)
  0x0000017741ea25d8: a4f0 d0ff | e90a 0000 

  0x0000017741ea25e0: ;   {oop(NULL)}
  0x0000017741ea25e0: 0048 b800 | 0000 0000 | 0000 0048 | 83f8 000f | 84e5 0000 | 0048 8984 | 24b8 0000 | 0048 8b94 
  0x0000017741ea2600: 2498 0000 | 0048 b8ff | ffff ffff 

  0x0000017741ea260c: ;   {virtual_call}
  0x0000017741ea260c: ffff ffe8 

  0x0000017741ea2610: ; ImmutableOopMap {[160]=Oop [168]=Oop [144]=Oop [184]=Oop }
                      ;*invokevirtual getCodeSigners {reexecute=0 rethrow=0 return_oop=0}
                      ; - jdk.internal.loader.BuiltinClassLoader::defineClass@56 (line 855)
  0x0000017741ea2610: 6cf0 d0ff 

  0x0000017741ea2614: ;   {metadata('java/security/CodeSource')}
  0x0000017741ea2614: 4c8b c848 | bab0 ee00 | 4d77 0100 | 0049 8b87 | 0801 0000 | 488d 7828 | 493b bf18 | 0100 000f 
  0x0000017741ea2634: 877a 0200 | 0049 89bf | 0801 0000 | 48c7 0001 | 0000 0048 | 8bca 49ba | 0000 004d | 7701 0000 
  0x0000017741ea2654: 492b ca89 | 4808 4833 | c989 480c | 4833 c948 | 8948 1048 | 8948 1848 | 8948 204c | 8b84 24a8 
  0x0000017741ea2674: 0000 0048 | 8bd0 4889 | 8424 c000 | 0000 0f1f 

  0x0000017741ea2684: ;   {optimized virtual_call}
  0x0000017741ea2684: 4400 00e8 

  0x0000017741ea2688: ; ImmutableOopMap {[160]=Oop [144]=Oop [184]=Oop [192]=Oop }
                      ;*invokespecial <init> {reexecute=0 rethrow=0 return_oop=0}
                      ; - jdk.internal.loader.BuiltinClassLoader::defineClass@68 (line 856)
  0x0000017741ea2688: f4ec d0ff | 4c8b 8424 | c000 0000 | 488b 9424 | a000 0000 

  0x0000017741ea269c: ;   {optimized virtual_call}
  0x0000017741ea269c: 6666 90e8 

  0x0000017741ea26a0: ; ImmutableOopMap {[160]=Oop [144]=Oop [184]=Oop }
                      ;*invokevirtual getProtectionDomain {reexecute=0 rethrow=0 return_oop=0}
                      ; - java.security.SecureClassLoader::defineClass@5 (line 182)
                      ; - jdk.internal.loader.BuiltinClassLoader::defineClass@79 (line 857)
  0x0000017741ea26a0: dcec d0ff | 4c8b 8424 | 9000 0000 | 4c8b 8c24 | b800 0000 | 488b f848 | 8b94 24a0 

  0x0000017741ea26bc: ;   {optimized virtual_call}
  0x0000017741ea26bc: 0000 00e8 

  0x0000017741ea26c0: ; ImmutableOopMap {}
                      ;*invokevirtual defineClass {reexecute=0 rethrow=0 return_oop=0}
                      ; - java.security.SecureClassLoader::defineClass@8 (line 182)
                      ; - jdk.internal.loader.BuiltinClassLoader::defineClass@79 (line 857)
  0x0000017741ea26c0: bcec d0ff | 4881 c400 | 0100 005d 

  0x0000017741ea26cc: ;   {poll_return}
  0x0000017741ea26cc: 493b a750 | 0300 000f | 87e7 0100 | 00c3 4c8b | 8c24 9800 | 0000 498b | d148 b810 | b119 4d77 
  0x0000017741ea26ec: ;   {virtual_call}
  0x0000017741ea26ec: 0100 00e8 

  0x0000017741ea26f0: ; ImmutableOopMap {[160]=Oop [144]=Oop [152]=Oop [168]=Oop }
                      ;*invokevirtual getBytes {reexecute=0 rethrow=0 return_oop=0}
                      ; - jdk.internal.loader.BuiltinClassLoader::defineClass@84 (line 859)
  0x0000017741ea26f0: 6ca9 1300 | 4889 8424 | c800 0000 | 488b 9424 | 9800 0000 | 9048 b810 | b119 4d77 

  0x0000017741ea270c: ;   {virtual_call}
  0x0000017741ea270c: 0100 00e8 

  0x0000017741ea2710: ; ImmutableOopMap {[160]=Oop [144]=Oop [168]=Oop [200]=Oop }
                      ;*invokevirtual getCodeSigners {reexecute=0 rethrow=0 return_oop=0}
                      ; - jdk.internal.loader.BuiltinClassLoader::defineClass@90 (line 860)
  0x0000017741ea2710: 8c48 0000 

  0x0000017741ea2714: ;   {metadata('java/security/CodeSource')}
  0x0000017741ea2714: 4c8b c848 | bab0 ee00 | 4d77 0100 | 0049 8b87 | 0801 0000 | 488d 7828 | 493b bf18 | 0100 000f 
  0x0000017741ea2734: 879d 0100 | 0049 89bf | 0801 0000 | 48c7 0001 | 0000 0048 | 8bca 49ba | 0000 004d | 7701 0000 
  0x0000017741ea2754: 492b ca89 | 4808 4833 | c989 480c | 4833 c948 | 8948 1048 | 8948 1848 | 8948 204c | 8b84 24a8 
  0x0000017741ea2774: 0000 0048 | 8bd0 4889 | 8424 d000 | 0000 0f1f 

  0x0000017741ea2784: ;   {optimized virtual_call}
  0x0000017741ea2784: 4400 00e8 

  0x0000017741ea2788: ; ImmutableOopMap {[160]=Oop [144]=Oop [200]=Oop [208]=Oop }
                      ;*invokespecial <init> {reexecute=0 rethrow=0 return_oop=0}
                      ; - jdk.internal.loader.BuiltinClassLoader::defineClass@102 (line 861)
  0x0000017741ea2788: 749d 0100 | 488b 8424 | c800 0000 

  0x0000017741ea2794: ; implicit exception: dispatches to 0x0000017741ea28e3
  0x0000017741ea2794: 8b70 0c4c | 8b84 24d0 | 0000 0048 | 8b94 24a0 | 0000 0089 | b424 d800 

  0x0000017741ea27ac: ;   {optimized virtual_call}
  0x0000017741ea27ac: 0000 90e8 

  0x0000017741ea27b0: ; ImmutableOopMap {[160]=Oop [144]=Oop [200]=Oop }
                      ;*invokevirtual getProtectionDomain {reexecute=0 rethrow=0 return_oop=0}
                      ; - java.security.SecureClassLoader::defineClass@9 (line 150)
                      ; - jdk.internal.loader.BuiltinClassLoader::defineClass@117 (line 862)
  0x0000017741ea27b0: 2ca3 0100 | 4c8b 8424 | 9000 0000 | 4c8b 8c24 | c800 0000 | bf00 0000 | 008b b424 | d800 0000 
  0x0000017741ea27d0: 488b c848 | 8b94 24a0 | 0000 000f 

  0x0000017741ea27dc: ;   {optimized virtual_call}
  0x0000017741ea27dc: 1f40 00e8 

  0x0000017741ea27e0: ; ImmutableOopMap {}
                      ;*invokevirtual defineClass {reexecute=0 rethrow=0 return_oop=0}
                      ; - java.security.SecureClassLoader::defineClass@12 (line 150)
                      ; - jdk.internal.loader.BuiltinClassLoader::defineClass@117 (line 862)
  0x0000017741ea27e0: 9c4e 1300 | 4881 c400 | 0100 005d 

  0x0000017741ea27ec: ;   {poll_return}
  0x0000017741ea27ec: 493b a750 | 0300 000f | 87ef 0000 | 00c3 498b | 87e0 0300 | 004d 33d2 | 4d89 97e0 | 0300 004d 
  0x0000017741ea280c: 33d2 4d89 | 97e8 0300 | 0048 8bf0 | 488d 8424 | e000 0000 | 488b 3848 | 85ff 0f84 | 0f00 0000 
  0x0000017741ea282c: 488b 5808 | f048 0fb1 | 3b0f 85c3 | 0000 0048 | 8bc6 e9f0 

  0x0000017741ea2840: ;   {runtime_call throw_null_pointer_exception Runtime1 stub}
  0x0000017741ea2840: 0000 00e8 

  0x0000017741ea2844: ; ImmutableOopMap {[152]=Oop [160]=Oop rax=Oop [168]=Oop r8=Oop [144]=Oop }
                      ;*invokevirtual lastIndexOf {reexecute=0 rethrow=0 return_oop=0}
                      ; - jdk.internal.loader.BuiltinClassLoader::defineClass@8 (line 845)
  0x0000017741ea2844: d8f6 daff 

  0x0000017741ea2848: ;   {runtime_call throw_null_pointer_exception Runtime1 stub}
  0x0000017741ea2848: e8d3 f6da 

  0x0000017741ea284c: ; ImmutableOopMap {[152]=Oop [160]=Oop rax=Oop [168]=Oop r8=Oop [144]=Oop rsi=Oop }
                      ;*arraylength {reexecute=0 rethrow=0 return_oop=0}
                      ; - java.lang.String::length@4 (line 1481)
                      ; - java.lang.String::lastIndexOf@3 (line 2451)
                      ; - jdk.internal.loader.BuiltinClassLoader::defineClass@8 (line 845)
  0x0000017741ea284c: ff4c 894c | 2408 4889 

  0x0000017741ea2854: ;   {runtime_call monitorenter_nofpu Runtime1 stub}
  0x0000017741ea2854: 1424 e8a5 

  0x0000017741ea2858: ; ImmutableOopMap {[160]=Oop [168]=Oop [144]=Oop r9=Oop [152]=Oop [232]=Oop }
                      ;*synchronization entry
                      ; - jdk.internal.loader.Resource::cachedInputStream@-1 (line 76)
                      ; - jdk.internal.loader.Resource::getByteBuffer@1 (line 163)
                      ; - jdk.internal.loader.BuiltinClassLoader::defineClass@45 (line 853)
  0x0000017741ea2858: 26db ffe9 | 38fc ffff | 418b 510c | 4883 fa00 | 0f84 64fc | ffff 4889 

  0x0000017741ea2870: ;   {runtime_call g1_pre_barrier_slow}
  0x0000017741ea2870: 1424 e889 | 53db ffe9 | 56fc ffff | 4883 f800 | 0f84 67fc | ffff 4c89 

  0x0000017741ea2888: ;   {runtime_call g1_post_barrier_slow}
  0x0000017741ea2888: 0c24 e871 | 56db ffe9 | 59fc ffff | 488d 8424 | e000 0000 | 4889 0424 

  0x0000017741ea28a0: ;   {runtime_call monitorexit_nofpu Runtime1 stub}
  0x0000017741ea28a0: e85b 2cdb | ffe9 6afc | ffff 4889 

  0x0000017741ea28ac: ;   {runtime_call throw_class_cast_exception Runtime1 stub}
  0x0000017741ea28ac: 1424 e86d 

  0x0000017741ea28b0: ; ImmutableOopMap {[160]=Oop [168]=Oop [144]=Oop [152]=Oop }
                      ;*checkcast {reexecute=0 rethrow=0 return_oop=0}
                      ; - jdk.internal.loader.Resource::getByteBuffer@13 (line 165)
                      ; - jdk.internal.loader.BuiltinClassLoader::defineClass@45 (line 853)
  0x0000017741ea28b0: 1adb ff48 

  0x0000017741ea28b4: ;   {runtime_call fast_new_instance Runtime1 stub}
  0x0000017741ea28b4: 8bd2 e845 

  0x0000017741ea28b8: ; ImmutableOopMap {[160]=Oop [168]=Oop [144]=Oop [184]=Oop r9=Oop }
                      ;*new {reexecute=0 rethrow=0 return_oop=0}
                      ; - jdk.internal.loader.BuiltinClassLoader::defineClass@61 (line 856)
  0x0000017741ea28b8: ffda ffe9 | affd ffff 

  0x0000017741ea28c0: ;   {internal_word}
  0x0000017741ea28c0: 49ba cc26 | ea41 7701 | 0000 4d89 | 9768 0300 

  0x0000017741ea28d0: ;   {runtime_call SafepointBlob}
  0x0000017741ea28d0: 00e9 2a51 | d1ff 488b 

  0x0000017741ea28d8: ;   {runtime_call fast_new_instance Runtime1 stub}
  0x0000017741ea28d8: d2e8 22ff 

  0x0000017741ea28dc: ; ImmutableOopMap {[160]=Oop [144]=Oop [168]=Oop [200]=Oop r9=Oop }
                      ;*new {reexecute=0 rethrow=0 return_oop=0}
                      ; - jdk.internal.loader.BuiltinClassLoader::defineClass@95 (line 861)
  0x0000017741ea28dc: daff e98c 

  0x0000017741ea28e0: ;   {runtime_call throw_null_pointer_exception Runtime1 stub}
  0x0000017741ea28e0: feff ffe8 

  0x0000017741ea28e4: ; ImmutableOopMap {[160]=Oop [144]=Oop [208]=Oop rax=Oop [200]=Oop }
                      ;*arraylength {reexecute=0 rethrow=0 return_oop=0}
                      ; - jdk.internal.loader.BuiltinClassLoader::defineClass@114 (line 862)
  0x0000017741ea28e4: 38f6 daff 

  0x0000017741ea28e8: ;   {internal_word}
  0x0000017741ea28e8: 49ba ec27 | ea41 7701 | 0000 4d89 | 9768 0300 

  0x0000017741ea28f8: ;   {runtime_call SafepointBlob}
  0x0000017741ea28f8: 00e9 0251 | d1ff 488d | 8424 e000 | 0000 4889 

  0x0000017741ea2908: ;   {runtime_call monitorexit_nofpu Runtime1 stub}
  0x0000017741ea2908: 0424 e8f1 | 2bdb ffe9 | 27ff ffff | 9090 498b | 87e0 0300 | 0049 c787 | e003 0000 | 0000 0000 
  0x0000017741ea2928: 49c7 87e8 | 0300 0000 | 0000 0048 | 81c4 0001 

  0x0000017741ea2938: ;   {runtime_call unwind_exception Runtime1 stub}
  0x0000017741ea2938: 0000 5de9 | c0e3 daff 
[Stub Code]
  0x0000017741ea2940: ;   {no_reloc}
  0x0000017741ea2940: 0f1f 4400 

  0x0000017741ea2944: ;   {static_stub}
  0x0000017741ea2944: 0048 bb00 | 0000 0000 

  0x0000017741ea294c: ;   {runtime_call}
  0x0000017741ea294c: 0000 00e9 | fbff ffff 

  0x0000017741ea2954: ;   {static_stub}
  0x0000017741ea2954: 9048 bb00 | 0000 0000 

  0x0000017741ea295c: ;   {runtime_call}
  0x0000017741ea295c: 0000 00e9 | fbff ffff 

  0x0000017741ea2964: ;   {static_stub}
  0x0000017741ea2964: 9048 bb00 | 0000 0000 

  0x0000017741ea296c: ;   {runtime_call}
  0x0000017741ea296c: 0000 00e9 | fbff ffff 

  0x0000017741ea2974: ;   {static_stub}
  0x0000017741ea2974: 9048 bb00 | 0000 0000 

  0x0000017741ea297c: ;   {runtime_call}
  0x0000017741ea297c: 0000 00e9 | fbff ffff 

  0x0000017741ea2984: ;   {static_stub}
  0x0000017741ea2984: 9048 bb00 | 0000 0000 

  0x0000017741ea298c: ;   {runtime_call}
  0x0000017741ea298c: 0000 00e9 | fbff ffff 

  0x0000017741ea2994: ;   {static_stub}
  0x0000017741ea2994: 9048 bb00 | 0000 0000 

  0x0000017741ea299c: ;   {runtime_call}
  0x0000017741ea299c: 0000 00e9 | fbff ffff 

  0x0000017741ea29a4: ;   {static_stub}
  0x0000017741ea29a4: 9048 bb00 | 0000 0000 

  0x0000017741ea29ac: ;   {runtime_call}
  0x0000017741ea29ac: 0000 00e9 | fbff ffff 

  0x0000017741ea29b4: ;   {static_stub}
  0x0000017741ea29b4: 9048 bb00 | 0000 0000 

  0x0000017741ea29bc: ;   {runtime_call}
  0x0000017741ea29bc: 0000 00e9 | fbff ffff 

  0x0000017741ea29c4: ;   {static_stub}
  0x0000017741ea29c4: 9048 bb00 | 0000 0000 

  0x0000017741ea29cc: ;   {runtime_call}
  0x0000017741ea29cc: 0000 00e9 | fbff ffff 

  0x0000017741ea29d4: ;   {static_stub}
  0x0000017741ea29d4: 9048 bb00 | 0000 0000 

  0x0000017741ea29dc: ;   {runtime_call}
  0x0000017741ea29dc: 0000 00e9 | fbff ffff 

  0x0000017741ea29e4: ;   {static_stub}
  0x0000017741ea29e4: 9048 bb00 | 0000 0000 

  0x0000017741ea29ec: ;   {runtime_call}
  0x0000017741ea29ec: 0000 00e9 | fbff ffff 

  0x0000017741ea29f4: ;   {static_stub}
  0x0000017741ea29f4: 9048 bb00 | 0000 0000 

  0x0000017741ea29fc: ;   {runtime_call}
  0x0000017741ea29fc: 0000 00e9 | fbff ffff 

  0x0000017741ea2a04: ;   {static_stub}
  0x0000017741ea2a04: 9048 bb00 | 0000 0000 

  0x0000017741ea2a0c: ;   {runtime_call}
  0x0000017741ea2a0c: 0000 00e9 | fbff ffff 

  0x0000017741ea2a14: ;   {static_stub}
  0x0000017741ea2a14: 9048 bb00 | 0000 0000 

  0x0000017741ea2a1c: ;   {runtime_call}
  0x0000017741ea2a1c: 0000 00e9 | fbff ffff 

  0x0000017741ea2a24: ;   {static_stub}
  0x0000017741ea2a24: 9048 bb60 | 0b42 4d77 

  0x0000017741ea2a2c: ;   {runtime_call I2C/C2I adapters}
  0x0000017741ea2a2c: 0100 00e9 | adaf d0ff 

  0x0000017741ea2a34: ;   {static_stub}
  0x0000017741ea2a34: 9048 bb20 | 2d43 4d77 

  0x0000017741ea2a3c: ;   {runtime_call I2C/C2I adapters}
  0x0000017741ea2a3c: 0100 00e9 | 193c d1ff 

  0x0000017741ea2a44: ;   {static_stub}
  0x0000017741ea2a44: 9048 bbb8 | 0c01 4d77 

  0x0000017741ea2a4c: ;   {runtime_call I2C/C2I adapters}
  0x0000017741ea2a4c: 0100 00e9 | 974c d0ff 
[Exception Handler]
  0x0000017741ea2a54: ;   {runtime_call handle_exception_from_callee Runtime1 stub}
  0x0000017741ea2a54: e8a7 12db 

  0x0000017741ea2a58: ;   {external_word}
  0x0000017741ea2a58: ff48 b940 | 9a24 34fe | 7f00 0048 

  0x0000017741ea2a64: ;   {runtime_call}
  0x0000017741ea2a64: 83e4 f049 | ba60 2bed | 33fe 7f00 | 0041 ffd2 

  0x0000017741ea2a74: ;   {section_word}
  0x0000017741ea2a74: f449 ba75 | 2aea 4177 | 0100 0041 

  0x0000017741ea2a80: ;   {runtime_call DeoptimizationBlob}
  0x0000017741ea2a80: 52e9 1a42 | d1ff f4f4 
[/MachCode]


---------------  P R O C E S S  ---------------

Threads class SMR info:
_java_thread_list=0x000001774ce495c0, length=18, elements={
0x000001773a06a8a0, 0x000001774c1ae070, 0x000001774c1aeef0, 0x000001774c1beba0,
0x000001774c1bfa20, 0x000001774c1c5600, 0x000001774c1d01f0, 0x000001774c1d3820,
0x000001774c1dd640, 0x000001774c3b3110, 0x000001774c3c5f50, 0x000001774c3b1cd0,
0x000001774c3b4f70, 0x000001774c3b21e0, 0x000001774c3c6f40, 0x000001774c3c8f20,
0x000001774c3b2c00, 0x000001774c3b26f0
}

Java Threads: ( => current thread )
=>0x000001773a06a8a0 JavaThread "main" [_thread_in_vm, id=11912, stack(0x0000006e15d00000,0x0000006e15e00000)]
  0x000001774c1ae070 JavaThread "Reference Handler" daemon [_thread_blocked, id=9272, stack(0x0000006e16400000,0x0000006e16500000)]
  0x000001774c1aeef0 JavaThread "Finalizer" daemon [_thread_blocked, id=11644, stack(0x0000006e16500000,0x0000006e16600000)]
  0x000001774c1beba0 JavaThread "Signal Dispatcher" daemon [_thread_blocked, id=11160, stack(0x0000006e16600000,0x0000006e16700000)]
  0x000001774c1bfa20 JavaThread "Attach Listener" daemon [_thread_blocked, id=15332, stack(0x0000006e16700000,0x0000006e16800000)]
  0x000001774c1c5600 JavaThread "Service Thread" daemon [_thread_blocked, id=15160, stack(0x0000006e16800000,0x0000006e16900000)]
  0x000001774c1d01f0 JavaThread "Monitor Deflation Thread" daemon [_thread_blocked, id=14420, stack(0x0000006e16900000,0x0000006e16a00000)]
  0x000001774c1d3820 JavaThread "C1 CompilerThread0" daemon [_thread_blocked, id=11872, stack(0x0000006e16a00000,0x0000006e16b00000)]
  0x000001774c1dd640 JavaThread "Sweeper thread" daemon [_thread_blocked, id=12980, stack(0x0000006e16b00000,0x0000006e16c00000)]
  0x000001774c3b3110 JavaThread "Common-Cleaner" daemon [_thread_blocked, id=4212, stack(0x0000006e16c00000,0x0000006e16d00000)]
  0x000001774c3c5f50 JavaThread "C1 CompilerThread1" daemon [_thread_blocked, id=11440, stack(0x0000006e16d00000,0x0000006e16e00000)]
  0x000001774c3b1cd0 JavaThread "Monitor Ctrl-Break" daemon [_thread_in_native, id=14100, stack(0x0000006e16e00000,0x0000006e16f00000)]
  0x000001774c3b4f70 JavaThread "Notification Thread" daemon [_thread_blocked, id=792, stack(0x0000006e16f00000,0x0000006e17000000)]
  0x000001774c3b21e0 JavaThread "RMI TCP Accept-0" daemon [_thread_in_native, id=7728, stack(0x0000006e17000000,0x0000006e17100000)]
  0x000001774c3c6f40 JavaThread "C1 CompilerThread2" daemon [_thread_blocked, id=9564, stack(0x0000006e17200000,0x0000006e17300000)]
  0x000001774c3c8f20 JavaThread "C1 CompilerThread3" daemon [_thread_blocked, id=11320, stack(0x0000006e17300000,0x0000006e17400000)]
  0x000001774c3b2c00 JavaThread "RMI TCP Connection(1)-192.168.99.1" daemon [_thread_in_native, id=14448, stack(0x0000006e17b00000,0x0000006e17c00000)]
  0x000001774c3b26f0 JavaThread "RMI Scheduler(0)" daemon [_thread_blocked, id=3260, stack(0x0000006e17c00000,0x0000006e17d00000)]

Other Threads:
  0x000001774c1a9060 VMThread "VM Thread" [stack: 0x0000006e16300000,0x0000006e16400000] [id=15192]
  0x000001774c953700 WatcherThread [stack: 0x0000006e17100000,0x0000006e17200000] [id=8616]
  0x000001773a0c4740 GCTaskThread "GC Thread#0" [stack: 0x0000006e15e00000,0x0000006e15f00000] [id=12436]
  0x000001774ccf0770 GCTaskThread "GC Thread#1" [stack: 0x0000006e17400000,0x0000006e17500000] [id=8676]
  0x000001774ccf0a30 GCTaskThread "GC Thread#2" [stack: 0x0000006e17500000,0x0000006e17600000] [id=8704]
  0x000001774cd282b0 GCTaskThread "GC Thread#3" [stack: 0x0000006e17600000,0x0000006e17700000] [id=9572]
  0x000001774cd28980 GCTaskThread "GC Thread#4" [stack: 0x0000006e17700000,0x0000006e17800000] [id=268]
  0x000001774cd28c40 GCTaskThread "GC Thread#5" [stack: 0x0000006e17800000,0x0000006e17900000] [id=14728]
  0x000001774cd29110 GCTaskThread "GC Thread#6" [stack: 0x0000006e17900000,0x0000006e17a00000] [id=13520]
  0x000001773a0d5310 ConcurrentGCThread "G1 Main Marker" [stack: 0x0000006e15f00000,0x0000006e16000000] [id=14252]
  0x000001773a0d5d30 ConcurrentGCThread "G1 Conc#0" [stack: 0x0000006e16000000,0x0000006e16100000] [id=11728]
  0x000001773a10df20 ConcurrentGCThread "G1 Refine#0" [stack: 0x0000006e16100000,0x0000006e16200000] [id=7596]
  0x000001774c8d5e20 ConcurrentGCThread "G1 Refine#1" [stack: 0x0000006e17a00000,0x0000006e17b00000] [id=9280]
  0x000001773a10e950 ConcurrentGCThread "G1 Service" [stack: 0x0000006e16200000,0x0000006e16300000] [id=13960]

Threads with active compile tasks:

VM state: not at safepoint (normal execution)

VM Mutex/Monitor currently owned by a thread:  ([mutex/lock_event])
[0x000001773a064490] Metaspace_lock - owner thread: 0x000001773a06a8a0

Heap address: 0x0000000081c00000, size: 2020 MB, Compressed Oops mode: 32-bit

CDS archive(s) mapped at: [0x000001774d000000-0x000001774dba0000-0x000001774dba0000), size 12189696, SharedBaseAddress: 0x000001774d000000, ArchiveRelocationMode: 1.
Compressed class space mapped at: 0x000001774e000000-0x000001778e000000, reserved size: 1073741824
Narrow klass base: 0x000001774d000000, Narrow klass shift: 0, Narrow klass range: 0x100000000

GC Precious Log:
 CPUs: 8 total, 8 available
 Memory: 8075M
 Large Page Support: Disabled
 NUMA Support: Disabled
 Compressed Oops: Enabled (32-bit)
 Heap Region Size: 1M
 Heap Min Capacity: 8M
 Heap Initial Capacity: 128M
 Heap Max Capacity: 2020M
 Pre-touch: Disabled
 Parallel Workers: 8
 Concurrent Workers: 2
 Concurrent Refinement Workers: 8
 Periodic GC: Disabled

Heap:
 garbage-first heap   total 131072K, used 21174K [0x0000000081c00000, 0x0000000100000000)
  region size 1024K, 16 young (16384K), 3 survivors (3072K)
 Metaspace       used 10543K, committed 10752K, reserved 1114112K
  class space    used 1419K, committed 1536K, reserved 1048576K

Heap Regions: E=young(eden), S=young(survivor), O=old, HS=humongous(starts), HC=humongous(continues), CS=collection set, F=free, OA=open archive, CA=closed archive, TAMS=top-at-mark-start (previous, next)
|   0|0x0000000081c00000, 0x0000000081d00000, 0x0000000081d00000|100%|HS|  |TAMS 0x0000000081c00000, 0x0000000081c00000| Complete 
|   1|0x0000000081d00000, 0x0000000081e00000, 0x0000000081e00000|100%|HS|  |TAMS 0x0000000081d00000, 0x0000000081d00000| Complete 
|   2|0x0000000081e00000, 0x0000000081f00000, 0x0000000081f00000|100%| O|  |TAMS 0x0000000081e00000, 0x0000000081e00000| Untracked 
|   3|0x0000000081f00000, 0x0000000082000000, 0x0000000082000000|100%| O|  |TAMS 0x0000000081f00000, 0x0000000081f00000| Untracked 
|   4|0x0000000082000000, 0x0000000082100000, 0x0000000082100000|100%| O|  |TAMS 0x0000000082000000, 0x0000000082000000| Untracked 
|   5|0x0000000082100000, 0x00000000821ada00, 0x0000000082200000| 67%| O|  |TAMS 0x0000000082100000, 0x0000000082100000| Untracked 
|   6|0x0000000082200000, 0x0000000082200000, 0x0000000082300000|  0%| F|  |TAMS 0x0000000082200000, 0x0000000082200000| Untracked 
|   7|0x0000000082300000, 0x0000000082300000, 0x0000000082400000|  0%| F|  |TAMS 0x0000000082300000, 0x0000000082300000| Untracked 
|   8|0x0000000082400000, 0x0000000082400000, 0x0000000082500000|  0%| F|  |TAMS 0x0000000082400000, 0x0000000082400000| Untracked 
|   9|0x0000000082500000, 0x0000000082500000, 0x0000000082600000|  0%| F|  |TAMS 0x0000000082500000, 0x0000000082500000| Untracked 
|  10|0x0000000082600000, 0x0000000082600000, 0x0000000082700000|  0%| F|  |TAMS 0x0000000082600000, 0x0000000082600000| Untracked 
|  11|0x0000000082700000, 0x0000000082700000, 0x0000000082800000|  0%| F|  |TAMS 0x0000000082700000, 0x0000000082700000| Untracked 
|  12|0x0000000082800000, 0x0000000082800000, 0x0000000082900000|  0%| F|  |TAMS 0x0000000082800000, 0x0000000082800000| Untracked 
|  13|0x0000000082900000, 0x0000000082900000, 0x0000000082a00000|  0%| F|  |TAMS 0x0000000082900000, 0x0000000082900000| Untracked 
|  14|0x0000000082a00000, 0x0000000082a00000, 0x0000000082b00000|  0%| F|  |TAMS 0x0000000082a00000, 0x0000000082a00000| Untracked 
|  15|0x0000000082b00000, 0x0000000082b00000, 0x0000000082c00000|  0%| F|  |TAMS 0x0000000082b00000, 0x0000000082b00000| Untracked 
|  16|0x0000000082c00000, 0x0000000082c00000, 0x0000000082d00000|  0%| F|  |TAMS 0x0000000082c00000, 0x0000000082c00000| Untracked 
|  17|0x0000000082d00000, 0x0000000082d00000, 0x0000000082e00000|  0%| F|  |TAMS 0x0000000082d00000, 0x0000000082d00000| Untracked 
|  18|0x0000000082e00000, 0x0000000082e00000, 0x0000000082f00000|  0%| F|  |TAMS 0x0000000082e00000, 0x0000000082e00000| Untracked 
|  19|0x0000000082f00000, 0x0000000082f00000, 0x0000000083000000|  0%| F|  |TAMS 0x0000000082f00000, 0x0000000082f00000| Untracked 
|  20|0x0000000083000000, 0x0000000083000000, 0x0000000083100000|  0%| F|  |TAMS 0x0000000083000000, 0x0000000083000000| Untracked 
|  21|0x0000000083100000, 0x0000000083100000, 0x0000000083200000|  0%| F|  |TAMS 0x0000000083100000, 0x0000000083100000| Untracked 
|  22|0x0000000083200000, 0x0000000083200000, 0x0000000083300000|  0%| F|  |TAMS 0x0000000083200000, 0x0000000083200000| Untracked 
|  23|0x0000000083300000, 0x0000000083300000, 0x0000000083400000|  0%| F|  |TAMS 0x0000000083300000, 0x0000000083300000| Untracked 
|  24|0x0000000083400000, 0x0000000083400000, 0x0000000083500000|  0%| F|  |TAMS 0x0000000083400000, 0x0000000083400000| Untracked 
|  25|0x0000000083500000, 0x0000000083500000, 0x0000000083600000|  0%| F|  |TAMS 0x0000000083500000, 0x0000000083500000| Untracked 
|  26|0x0000000083600000, 0x0000000083600000, 0x0000000083700000|  0%| F|  |TAMS 0x0000000083600000, 0x0000000083600000| Untracked 
|  27|0x0000000083700000, 0x0000000083700000, 0x0000000083800000|  0%| F|  |TAMS 0x0000000083700000, 0x0000000083700000| Untracked 
|  28|0x0000000083800000, 0x0000000083800000, 0x0000000083900000|  0%| F|  |TAMS 0x0000000083800000, 0x0000000083800000| Untracked 
|  29|0x0000000083900000, 0x0000000083900000, 0x0000000083a00000|  0%| F|  |TAMS 0x0000000083900000, 0x0000000083900000| Untracked 
|  30|0x0000000083a00000, 0x0000000083a00000, 0x0000000083b00000|  0%| F|  |TAMS 0x0000000083a00000, 0x0000000083a00000| Untracked 
|  31|0x0000000083b00000, 0x0000000083b00000, 0x0000000083c00000|  0%| F|  |TAMS 0x0000000083b00000, 0x0000000083b00000| Untracked 
|  32|0x0000000083c00000, 0x0000000083c00000, 0x0000000083d00000|  0%| F|  |TAMS 0x0000000083c00000, 0x0000000083c00000| Untracked 
|  33|0x0000000083d00000, 0x0000000083d00000, 0x0000000083e00000|  0%| F|  |TAMS 0x0000000083d00000, 0x0000000083d00000| Untracked 
|  34|0x0000000083e00000, 0x0000000083e00000, 0x0000000083f00000|  0%| F|  |TAMS 0x0000000083e00000, 0x0000000083e00000| Untracked 
|  35|0x0000000083f00000, 0x0000000083f00000, 0x0000000084000000|  0%| F|  |TAMS 0x0000000083f00000, 0x0000000083f00000| Untracked 
|  36|0x0000000084000000, 0x0000000084000000, 0x0000000084100000|  0%| F|  |TAMS 0x0000000084000000, 0x0000000084000000| Untracked 
|  37|0x0000000084100000, 0x0000000084100000, 0x0000000084200000|  0%| F|  |TAMS 0x0000000084100000, 0x0000000084100000| Untracked 
|  38|0x0000000084200000, 0x0000000084200000, 0x0000000084300000|  0%| F|  |TAMS 0x0000000084200000, 0x0000000084200000| Untracked 
|  39|0x0000000084300000, 0x0000000084300000, 0x0000000084400000|  0%| F|  |TAMS 0x0000000084300000, 0x0000000084300000| Untracked 
|  40|0x0000000084400000, 0x0000000084400000, 0x0000000084500000|  0%| F|  |TAMS 0x0000000084400000, 0x0000000084400000| Untracked 
|  41|0x0000000084500000, 0x0000000084500000, 0x0000000084600000|  0%| F|  |TAMS 0x0000000084500000, 0x0000000084500000| Untracked 
|  42|0x0000000084600000, 0x0000000084600000, 0x0000000084700000|  0%| F|  |TAMS 0x0000000084600000, 0x0000000084600000| Untracked 
|  43|0x0000000084700000, 0x0000000084700000, 0x0000000084800000|  0%| F|  |TAMS 0x0000000084700000, 0x0000000084700000| Untracked 
|  44|0x0000000084800000, 0x0000000084800000, 0x0000000084900000|  0%| F|  |TAMS 0x0000000084800000, 0x0000000084800000| Untracked 
|  45|0x0000000084900000, 0x0000000084900000, 0x0000000084a00000|  0%| F|  |TAMS 0x0000000084900000, 0x0000000084900000| Untracked 
|  46|0x0000000084a00000, 0x0000000084a00000, 0x0000000084b00000|  0%| F|  |TAMS 0x0000000084a00000, 0x0000000084a00000| Untracked 
|  47|0x0000000084b00000, 0x0000000084b00000, 0x0000000084c00000|  0%| F|  |TAMS 0x0000000084b00000, 0x0000000084b00000| Untracked 
|  48|0x0000000084c00000, 0x0000000084c00000, 0x0000000084d00000|  0%| F|  |TAMS 0x0000000084c00000, 0x0000000084c00000| Untracked 
|  49|0x0000000084d00000, 0x0000000084d00000, 0x0000000084e00000|  0%| F|  |TAMS 0x0000000084d00000, 0x0000000084d00000| Untracked 
|  50|0x0000000084e00000, 0x0000000084e00000, 0x0000000084f00000|  0%| F|  |TAMS 0x0000000084e00000, 0x0000000084e00000| Untracked 
|  51|0x0000000084f00000, 0x0000000084f00000, 0x0000000085000000|  0%| F|  |TAMS 0x0000000084f00000, 0x0000000084f00000| Untracked 
|  52|0x0000000085000000, 0x0000000085000000, 0x0000000085100000|  0%| F|  |TAMS 0x0000000085000000, 0x0000000085000000| Untracked 
|  53|0x0000000085100000, 0x0000000085100000, 0x0000000085200000|  0%| F|  |TAMS 0x0000000085100000, 0x0000000085100000| Untracked 
|  54|0x0000000085200000, 0x0000000085200000, 0x0000000085300000|  0%| F|  |TAMS 0x0000000085200000, 0x0000000085200000| Untracked 
|  55|0x0000000085300000, 0x0000000085300000, 0x0000000085400000|  0%| F|  |TAMS 0x0000000085300000, 0x0000000085300000| Untracked 
|  56|0x0000000085400000, 0x0000000085400000, 0x0000000085500000|  0%| F|  |TAMS 0x0000000085400000, 0x0000000085400000| Untracked 
|  57|0x0000000085500000, 0x0000000085500000, 0x0000000085600000|  0%| F|  |TAMS 0x0000000085500000, 0x0000000085500000| Untracked 
|  58|0x0000000085600000, 0x0000000085600000, 0x0000000085700000|  0%| F|  |TAMS 0x0000000085600000, 0x0000000085600000| Untracked 
|  59|0x0000000085700000, 0x0000000085700000, 0x0000000085800000|  0%| F|  |TAMS 0x0000000085700000, 0x0000000085700000| Untracked 
|  60|0x0000000085800000, 0x0000000085800000, 0x0000000085900000|  0%| F|  |TAMS 0x0000000085800000, 0x0000000085800000| Untracked 
|  61|0x0000000085900000, 0x0000000085900000, 0x0000000085a00000|  0%| F|  |TAMS 0x0000000085900000, 0x0000000085900000| Untracked 
|  62|0x0000000085a00000, 0x0000000085a00000, 0x0000000085b00000|  0%| F|  |TAMS 0x0000000085a00000, 0x0000000085a00000| Untracked 
|  63|0x0000000085b00000, 0x0000000085b00000, 0x0000000085c00000|  0%| F|  |TAMS 0x0000000085b00000, 0x0000000085b00000| Untracked 
|  64|0x0000000085c00000, 0x0000000085c00000, 0x0000000085d00000|  0%| F|  |TAMS 0x0000000085c00000, 0x0000000085c00000| Untracked 
|  65|0x0000000085d00000, 0x0000000085d00000, 0x0000000085e00000|  0%| F|  |TAMS 0x0000000085d00000, 0x0000000085d00000| Untracked 
|  66|0x0000000085e00000, 0x0000000085e00000, 0x0000000085f00000|  0%| F|  |TAMS 0x0000000085e00000, 0x0000000085e00000| Untracked 
|  67|0x0000000085f00000, 0x0000000085f00000, 0x0000000086000000|  0%| F|  |TAMS 0x0000000085f00000, 0x0000000085f00000| Untracked 
|  68|0x0000000086000000, 0x0000000086000000, 0x0000000086100000|  0%| F|  |TAMS 0x0000000086000000, 0x0000000086000000| Untracked 
|  69|0x0000000086100000, 0x0000000086100000, 0x0000000086200000|  0%| F|  |TAMS 0x0000000086100000, 0x0000000086100000| Untracked 
|  70|0x0000000086200000, 0x0000000086200000, 0x0000000086300000|  0%| F|  |TAMS 0x0000000086200000, 0x0000000086200000| Untracked 
|  71|0x0000000086300000, 0x0000000086300000, 0x0000000086400000|  0%| F|  |TAMS 0x0000000086300000, 0x0000000086300000| Untracked 
|  72|0x0000000086400000, 0x0000000086400000, 0x0000000086500000|  0%| F|  |TAMS 0x0000000086400000, 0x0000000086400000| Untracked 
|  73|0x0000000086500000, 0x0000000086500000, 0x0000000086600000|  0%| F|  |TAMS 0x0000000086500000, 0x0000000086500000| Untracked 
|  74|0x0000000086600000, 0x0000000086600000, 0x0000000086700000|  0%| F|  |TAMS 0x0000000086600000, 0x0000000086600000| Untracked 
|  75|0x0000000086700000, 0x0000000086700000, 0x0000000086800000|  0%| F|  |TAMS 0x0000000086700000, 0x0000000086700000| Untracked 
|  76|0x0000000086800000, 0x0000000086800000, 0x0000000086900000|  0%| F|  |TAMS 0x0000000086800000, 0x0000000086800000| Untracked 
|  77|0x0000000086900000, 0x0000000086900000, 0x0000000086a00000|  0%| F|  |TAMS 0x0000000086900000, 0x0000000086900000| Untracked 
|  78|0x0000000086a00000, 0x0000000086a00000, 0x0000000086b00000|  0%| F|  |TAMS 0x0000000086a00000, 0x0000000086a00000| Untracked 
|  79|0x0000000086b00000, 0x0000000086b00000, 0x0000000086c00000|  0%| F|  |TAMS 0x0000000086b00000, 0x0000000086b00000| Untracked 
|  80|0x0000000086c00000, 0x0000000086c00000, 0x0000000086d00000|  0%| F|  |TAMS 0x0000000086c00000, 0x0000000086c00000| Untracked 
|  81|0x0000000086d00000, 0x0000000086d00000, 0x0000000086e00000|  0%| F|  |TAMS 0x0000000086d00000, 0x0000000086d00000| Untracked 
|  82|0x0000000086e00000, 0x0000000086e00000, 0x0000000086f00000|  0%| F|  |TAMS 0x0000000086e00000, 0x0000000086e00000| Untracked 
|  83|0x0000000086f00000, 0x0000000086f00000, 0x0000000087000000|  0%| F|  |TAMS 0x0000000086f00000, 0x0000000086f00000| Untracked 
|  84|0x0000000087000000, 0x0000000087000000, 0x0000000087100000|  0%| F|  |TAMS 0x0000000087000000, 0x0000000087000000| Untracked 
|  85|0x0000000087100000, 0x0000000087100000, 0x0000000087200000|  0%| F|  |TAMS 0x0000000087100000, 0x0000000087100000| Untracked 
|  86|0x0000000087200000, 0x0000000087200000, 0x0000000087300000|  0%| F|  |TAMS 0x0000000087200000, 0x0000000087200000| Untracked 
|  87|0x0000000087300000, 0x0000000087300000, 0x0000000087400000|  0%| F|  |TAMS 0x0000000087300000, 0x0000000087300000| Untracked 
|  88|0x0000000087400000, 0x0000000087400000, 0x0000000087500000|  0%| F|  |TAMS 0x0000000087400000, 0x0000000087400000| Untracked 
|  89|0x0000000087500000, 0x0000000087500000, 0x0000000087600000|  0%| F|  |TAMS 0x0000000087500000, 0x0000000087500000| Untracked 
|  90|0x0000000087600000, 0x0000000087600000, 0x0000000087700000|  0%| F|  |TAMS 0x0000000087600000, 0x0000000087600000| Untracked 
|  91|0x0000000087700000, 0x0000000087700000, 0x0000000087800000|  0%| F|  |TAMS 0x0000000087700000, 0x0000000087700000| Untracked 
|  92|0x0000000087800000, 0x0000000087800000, 0x0000000087900000|  0%| F|  |TAMS 0x0000000087800000, 0x0000000087800000| Untracked 
|  93|0x0000000087900000, 0x0000000087900000, 0x0000000087a00000|  0%| F|  |TAMS 0x0000000087900000, 0x0000000087900000| Untracked 
|  94|0x0000000087a00000, 0x0000000087a00000, 0x0000000087b00000|  0%| F|  |TAMS 0x0000000087a00000, 0x0000000087a00000| Untracked 
|  95|0x0000000087b00000, 0x0000000087b00000, 0x0000000087c00000|  0%| F|  |TAMS 0x0000000087b00000, 0x0000000087b00000| Untracked 
|  96|0x0000000087c00000, 0x0000000087c00000, 0x0000000087d00000|  0%| F|  |TAMS 0x0000000087c00000, 0x0000000087c00000| Untracked 
|  97|0x0000000087d00000, 0x0000000087d00000, 0x0000000087e00000|  0%| F|  |TAMS 0x0000000087d00000, 0x0000000087d00000| Untracked 
|  98|0x0000000087e00000, 0x0000000087e00000, 0x0000000087f00000|  0%| F|  |TAMS 0x0000000087e00000, 0x0000000087e00000| Untracked 
|  99|0x0000000087f00000, 0x0000000087f00000, 0x0000000088000000|  0%| F|  |TAMS 0x0000000087f00000, 0x0000000087f00000| Untracked 
| 100|0x0000000088000000, 0x0000000088000000, 0x0000000088100000|  0%| F|  |TAMS 0x0000000088000000, 0x0000000088000000| Untracked 
| 101|0x0000000088100000, 0x0000000088100000, 0x0000000088200000|  0%| F|  |TAMS 0x0000000088100000, 0x0000000088100000| Untracked 
| 102|0x0000000088200000, 0x0000000088300000, 0x0000000088300000|100%| S|CS|TAMS 0x0000000088200000, 0x0000000088200000| Complete 
| 103|0x0000000088300000, 0x0000000088400000, 0x0000000088400000|100%| S|CS|TAMS 0x0000000088300000, 0x0000000088300000| Complete 
| 104|0x0000000088400000, 0x0000000088500000, 0x0000000088500000|100%| S|CS|TAMS 0x0000000088400000, 0x0000000088400000| Complete 
| 105|0x0000000088500000, 0x0000000088500000, 0x0000000088600000|  0%| F|  |TAMS 0x0000000088500000, 0x0000000088500000| Untracked 
| 106|0x0000000088600000, 0x0000000088600000, 0x0000000088700000|  0%| F|  |TAMS 0x0000000088600000, 0x0000000088600000| Untracked 
| 107|0x0000000088700000, 0x0000000088700000, 0x0000000088800000|  0%| F|  |TAMS 0x0000000088700000, 0x0000000088700000| Untracked 
| 108|0x0000000088800000, 0x0000000088800000, 0x0000000088900000|  0%| F|  |TAMS 0x0000000088800000, 0x0000000088800000| Untracked 
| 109|0x0000000088900000, 0x0000000088900000, 0x0000000088a00000|  0%| F|  |TAMS 0x0000000088900000, 0x0000000088900000| Untracked 
| 110|0x0000000088a00000, 0x0000000088a00000, 0x0000000088b00000|  0%| F|  |TAMS 0x0000000088a00000, 0x0000000088a00000| Untracked 
| 111|0x0000000088b00000, 0x0000000088b00000, 0x0000000088c00000|  0%| F|  |TAMS 0x0000000088b00000, 0x0000000088b00000| Untracked 
| 112|0x0000000088c00000, 0x0000000088c00000, 0x0000000088d00000|  0%| F|  |TAMS 0x0000000088c00000, 0x0000000088c00000| Untracked 
| 113|0x0000000088d00000, 0x0000000088d00000, 0x0000000088e00000|  0%| F|  |TAMS 0x0000000088d00000, 0x0000000088d00000| Untracked 
| 114|0x0000000088e00000, 0x0000000088e00000, 0x0000000088f00000|  0%| F|  |TAMS 0x0000000088e00000, 0x0000000088e00000| Untracked 
| 115|0x0000000088f00000, 0x0000000089000000, 0x0000000089000000|100%| E|  |TAMS 0x0000000088f00000, 0x0000000088f00000| Complete 
| 116|0x0000000089000000, 0x0000000089100000, 0x0000000089100000|100%| E|CS|TAMS 0x0000000089000000, 0x0000000089000000| Complete 
| 117|0x0000000089100000, 0x0000000089200000, 0x0000000089200000|100%| E|CS|TAMS 0x0000000089100000, 0x0000000089100000| Complete 
| 118|0x0000000089200000, 0x0000000089300000, 0x0000000089300000|100%| E|CS|TAMS 0x0000000089200000, 0x0000000089200000| Complete 
| 119|0x0000000089300000, 0x0000000089400000, 0x0000000089400000|100%| E|CS|TAMS 0x0000000089300000, 0x0000000089300000| Complete 
| 120|0x0000000089400000, 0x0000000089500000, 0x0000000089500000|100%| E|CS|TAMS 0x0000000089400000, 0x0000000089400000| Complete 
| 121|0x0000000089500000, 0x0000000089600000, 0x0000000089600000|100%| E|CS|TAMS 0x0000000089500000, 0x0000000089500000| Complete 
| 122|0x0000000089600000, 0x0000000089700000, 0x0000000089700000|100%| E|CS|TAMS 0x0000000089600000, 0x0000000089600000| Complete 
| 123|0x0000000089700000, 0x0000000089800000, 0x0000000089800000|100%| E|CS|TAMS 0x0000000089700000, 0x0000000089700000| Complete 
| 124|0x0000000089800000, 0x0000000089900000, 0x0000000089900000|100%| E|CS|TAMS 0x0000000089800000, 0x0000000089800000| Complete 
| 125|0x0000000089900000, 0x0000000089a00000, 0x0000000089a00000|100%| E|CS|TAMS 0x0000000089900000, 0x0000000089900000| Complete 
| 126|0x0000000089a00000, 0x0000000089b00000, 0x0000000089b00000|100%| E|CS|TAMS 0x0000000089a00000, 0x0000000089a00000| Complete 
| 127|0x0000000089b00000, 0x0000000089c00000, 0x0000000089c00000|100%| E|CS|TAMS 0x0000000089b00000, 0x0000000089b00000| Complete 

Card table byte_map: [0x0000017745070000,0x0000017745470000] _byte_map_base: 0x0000017744c62000

Marking Bits (Prev, Next): (CMBitMap*) 0x000001773a0c4d60, (CMBitMap*) 0x000001773a0c4da0
 Prev Bits: [0x0000017745870000, 0x0000017747800000)
 Next Bits: [0x0000017747800000, 0x0000017749790000)

Polling page: 0x0000017737fa0000

Metaspace:

Usage:
  Non-class:      8.91 MB used.
      Class:      1.39 MB used.
       Both:     10.30 MB used.

Virtual space:
  Non-class space:       64.00 MB reserved,       9.00 MB ( 14%) committed,  1 nodes.
      Class space:        1.00 GB reserved,       1.50 MB ( <1%) committed,  1 nodes.
             Both:        1.06 GB reserved,      10.50 MB ( <1%) committed. 

Chunk freelists:
   Non-Class:  6.11 MB
       Class:  14.44 MB
        Both:  20.55 MB

MaxMetaspaceSize: unlimited
CompressedClassSpaceSize: 1.00 GB
Initial GC threshold: 21.00 MB
Current GC threshold: 21.00 MB
CDS: on
MetaspaceReclaimPolicy: balanced
 - commit_granule_bytes: 65536.
 - commit_granule_words: 8192.
 - virtual_space_node_default_size: 8388608.
 - enlarge_chunks_in_place: 1.
 - new_chunks_are_fully_committed: 0.
 - uncommit_free_chunks: 1.
 - use_allocation_guard: 0.
 - handle_deallocations: 1.


Internal statistics:

num_allocs_failed_limit: 0.
num_arena_births: 250.
num_arena_deaths: 0.
num_vsnodes_births: 2.
num_vsnodes_deaths: 0.
num_space_committed: 168.
num_space_uncommitted: 0.
num_chunks_returned_to_freelist: 0.
num_chunks_taken_from_freelist: 538.
num_chunk_merges: 0.
num_chunk_splits: 320.
num_chunks_enlarged: 189.
num_inconsistent_stats: 0.

CodeCache: size=49152Kb used=5209Kb max_used=5209Kb free=43942Kb
 bounds [0x0000017741b60000, 0x0000017742080000, 0x0000017744b60000]
 total_blobs=2088 nmethods=1623 adapters=389
 compilation: enabled
              stopped_count=0, restarted_count=0
 full_count=0

Compilation events (20 events):
Event: 1.330 Thread 0x000001774c3c6f40 1614       1       java.lang.invoke.MethodType::dropParameterTypes (162 bytes)
Event: 1.330 Thread 0x000001774c1d3820 1615       1       java.lang.invoke.DirectMethodHandle$Holder::invokeStatic (14 bytes)
Event: 1.330 Thread 0x000001774c3c5f50 1616       1       java.lang.invoke.DirectMethodHandle$Holder::invokeStatic (17 bytes)
Event: 1.330 Thread 0x000001774c3c8f20 1617       1       java.lang.invoke.LambdaForm$MH/0x000001774e002400::invoke (32 bytes)
Event: 1.330 Thread 0x000001774c1d3820 nmethod 1615 0x0000017742071210 code [0x00000177420713c0, 0x00000177420714d8]
Event: 1.330 Thread 0x000001774c3c8f20 nmethod 1617 0x0000017742071590 code [0x0000017742071740, 0x0000017742071898]
Event: 1.330 Thread 0x000001774c3c8f20 1618       1       java.lang.invoke.DirectMethodHandle$Holder::invokeStatic (21 bytes)
Event: 1.330 Thread 0x000001774c3c5f50 nmethod 1616 0x0000017742071990 code [0x0000017742071b40, 0x0000017742071c58]
Event: 1.330 Thread 0x000001774c1d3820 1619       1       java.lang.StringConcatHelper::prepend (22 bytes)
Event: 1.330 Thread 0x000001774c3c8f20 nmethod 1618 0x0000017742071d90 code [0x0000017742071f40, 0x0000017742072058]
Event: 1.330 Thread 0x000001774c1d3820 nmethod 1619 0x0000017742072190 code [0x0000017742072340, 0x0000017742072438]
Event: 1.331 Thread 0x000001774c3c6f40 nmethod 1614 0x0000017742072510 code [0x0000017742072760, 0x0000017742072e48]
Event: 1.331 Thread 0x000001774c3c6f40 1620       1       java.util.Collections::emptyList (4 bytes)
Event: 1.331 Thread 0x000001774c3c6f40 nmethod 1620 0x0000017742073210 code [0x00000177420733a0, 0x0000017742073458]
Event: 1.338 Thread 0x000001774c3c6f40 1621       1       jdk.internal.org.objectweb.asm.MethodWriter::computeAllFrames (510 bytes)
Event: 1.338 Thread 0x000001774c3c5f50 1622       1       jdk.internal.org.objectweb.asm.Type::getArgumentTypes (154 bytes)
Event: 1.339 Thread 0x000001774c3c6f40 nmethod 1621 0x0000017742073510 code [0x0000017742073780, 0x0000017742074108]
Event: 1.339 Thread 0x000001774c3c6f40 1623       1       java.util.concurrent.locks.AbstractQueuedSynchronizer::compareAndSetState (13 bytes)
Event: 1.340 Thread 0x000001774c3c6f40 nmethod 1623 0x0000017742074a10 code [0x0000017742074ba0, 0x0000017742074c78]
Event: 1.341 Thread 0x000001774c3c5f50 nmethod 1622 0x0000017742074d10 code [0x0000017742074fc0, 0x0000017742075cc8]

GC Heap History (2 events):
Event: 1.012 GC heap before
{Heap before GC invocations=0 (full 0):
 garbage-first heap   total 131072K, used 24576K [0x0000000081c00000, 0x0000000100000000)
  region size 1024K, 23 young (23552K), 0 survivors (0K)
 Metaspace       used 7499K, committed 7744K, reserved 1114112K
  class space    used 962K, committed 1088K, reserved 1048576K
}
Event: 1.021 GC heap after
{Heap after GC invocations=1 (full 0):
 garbage-first heap   total 131072K, used 8886K [0x0000000081c00000, 0x0000000100000000)
  region size 1024K, 3 young (3072K), 3 survivors (3072K)
 Metaspace       used 7499K, committed 7744K, reserved 1114112K
  class space    used 962K, committed 1088K, reserved 1048576K
}

Dll operation events (11 events):
Event: 0.012 Loaded shared library C:\Users\horuz\.jdks\corretto-17.0.9\bin\java.dll
Event: 0.038 Loaded shared library C:\Users\horuz\.jdks\corretto-17.0.9\bin\jsvml.dll
Event: 0.164 Loaded shared library C:\Users\horuz\.jdks\corretto-17.0.9\bin\zip.dll
Event: 0.170 Loaded shared library C:\Users\horuz\.jdks\corretto-17.0.9\bin\instrument.dll
Event: 0.182 Loaded shared library C:\Users\horuz\.jdks\corretto-17.0.9\bin\net.dll
Event: 0.184 Loaded shared library C:\Users\horuz\.jdks\corretto-17.0.9\bin\nio.dll
Event: 0.187 Loaded shared library C:\Users\horuz\.jdks\corretto-17.0.9\bin\zip.dll
Event: 0.278 Loaded shared library C:\Program Files\JetBrains\IntelliJ IDEA 2023.3.4\bin\breakgen64.dll
Event: 0.283 Loaded shared library C:\Users\horuz\.jdks\corretto-17.0.9\bin\jimage.dll
Event: 0.305 Loaded shared library C:\Users\horuz\.jdks\corretto-17.0.9\bin\management.dll
Event: 0.320 Loaded shared library C:\Users\horuz\.jdks\corretto-17.0.9\bin\management_ext.dll

Deoptimization events (0 events):
No events

Classes unloaded (0 events):
No events

Classes redefined (0 events):
No events

Internal exceptions (20 events):
Event: 0.900 Thread 0x000001773a06a8a0 Exception <a 'java/lang/NoSuchMethodError'{0x000000008883fb90}: 'java.lang.Object java.lang.invoke.DirectMethodHandle$Holder.invokeInterface(java.lang.Object, java.lang.Object, java.lang.Object)'> (0x000000008883fb90) 
thrown [s\src\hotspot\share\interpreter\linkResolver.cpp, line 759]
Event: 0.928 Thread 0x000001773a06a8a0 Exception <a 'java/lang/NoSuchMethodError'{0x000000008870acf0}: 'int java.lang.invoke.DirectMethodHandle$Holder.invokeStaticInit(java.lang.Object, java.lang.Object, java.lang.Object)'> (0x000000008870acf0) 
thrown [s\src\hotspot\share\interpreter\linkResolver.cpp, line 759]
Event: 0.939 Thread 0x000001773a06a8a0 Exception <a 'java/lang/NoSuchMethodError'{0x0000000088767040}: 'java.lang.Object java.lang.invoke.DirectMethodHandle$Holder.newInvokeSpecial(java.lang.Object, java.lang.Object, java.lang.Object, java.lang.Object, java.lang.Object)'> (0x0000000088767040) 
thrown [s\src\hotspot\share\interpreter\linkResolver.cpp, line 759]
Event: 0.947 Thread 0x000001773a06a8a0 Exception <a 'java/lang/NoSuchMethodError'{0x00000000887b6fa8}: 'java.lang.Object java.lang.invoke.DirectMethodHandle$Holder.invokeStaticInit(java.lang.Object, java.lang.Object, java.lang.Object)'> (0x00000000887b6fa8) 
thrown [s\src\hotspot\share\interpreter\linkResolver.cpp, line 759]
Event: 0.962 Thread 0x000001773a06a8a0 Exception <a 'java/lang/IncompatibleClassChangeError'{0x0000000088627040}: Found class java.lang.Object, but interface was expected> (0x0000000088627040) 
thrown [s\src\hotspot\share\interpreter\linkResolver.cpp, line 826]
Event: 0.984 Thread 0x000001773a06a8a0 Exception <a 'sun/nio/fs/WindowsException'{0x0000000088521128}> (0x0000000088521128) 
thrown [s\src\hotspot\share\prims\jni.cpp, line 516]
Event: 1.183 Thread 0x000001773a06a8a0 Exception <a 'java/lang/NoSuchMethodError'{0x000000008952f0c0}: 'java.lang.Object java.lang.invoke.DirectMethodHandle$Holder.newInvokeSpecial(java.lang.Object, java.lang.Object, java.lang.Object, java.lang.Object, java.lang.Object, java.lang.Object, java.lang.Object)'> (0x000000008952f0c0) 
thrown [s\src\hotspot\share\interpreter\linkResolver.cpp, line 759]
Event: 1.184 Thread 0x000001773a06a8a0 Exception <a 'java/lang/NoSuchMethodError'{0x00000000895339d0}: 'java.lang.Object java.lang.invoke.Invokers$Holder.linkToTargetMethod(java.lang.Object, java.lang.Object, java.lang.Object, java.lang.Object, java.lang.Object, java.lang.Object, java.lang.Object)'> (0x00000000895339d0) 
thrown [s\src\hotspot\share\interpreter\linkResolver.cpp, line 759]
Event: 1.193 Thread 0x000001774c3b2c00 Exception <a 'java/lang/NoSuchMethodError'{0x0000000089597200}: static [B.<clinit>()V> (0x0000000089597200) 
thrown [s\src\hotspot\share\prims\jni.cpp, line 1107]
Event: 1.193 Thread 0x000001773a06a8a0 Exception <a 'java/lang/NoSuchMethodError'{0x0000000089577570}: 'int java.lang.invoke.DirectMethodHandle$Holder.invokeStatic(java.lang.Object, java.lang.Object, java.lang.Object, java.lang.Object)'> (0x0000000089577570) 
thrown [s\src\hotspot\share\interpreter\linkResolver.cpp, line 759]
Event: 1.194 Thread 0x000001773a06a8a0 Exception <a 'java/lang/NoSuchMethodError'{0x000000008957aef0}: 'java.lang.Object java.lang.invoke.Invokers$Holder.invokeExact_MT(java.lang.Object, java.lang.Object, java.lang.Object, java.lang.Object, java.lang.Object, java.lang.Object)'> (0x000000008957aef0) 
thrown [s\src\hotspot\share\interpreter\linkResolver.cpp, line 759]
Event: 1.207 Thread 0x000001774c3b2c00 Exception <a 'java/lang/ClassNotFoundException'{0x0000000089413e80}: javax/management/remote/rmi/RMIConnectionImpl_Skel> (0x0000000089413e80) 
thrown [s\src\hotspot\share\classfile\systemDictionary.cpp, line 256]
Event: 1.212 Thread 0x000001774c3b3620 Exception <a 'java/lang/NoSuchMethodError'{0x00000000894d5720}: 'java.lang.Object java.lang.invoke.Invokers$Holder.linkToTargetMethod(java.lang.Object, long, java.lang.Object)'> (0x00000000894d5720) 
thrown [s\src\hotspot\share\interpreter\linkResolver.cpp, line 759]
Event: 1.212 Thread 0x000001773a06a8a0 Exception <a 'java/lang/NoSuchMethodError'{0x000000008944fea8}: 'java.lang.Object java.lang.invoke.DirectMethodHandle$Holder.invokeSpecial(java.lang.Object, java.lang.Object, java.lang.Object, java.lang.Object, java.lang.Object, java.lang.Object, int)'> (0x000000008944fea8) 
thrown [s\src\hotspot\share\interpreter\linkResolver.cpp, line 759]
Event: 1.213 Thread 0x000001773a06a8a0 Exception <a 'java/lang/NoSuchMethodError'{0x000000008945a410}: 'java.lang.Object java.lang.invoke.DirectMethodHandle$Holder.newInvokeSpecial(java.lang.Object, java.lang.Object, java.lang.Object, java.lang.Object, java.lang.Object, java.lang.Object, int)'> (0x000000008945a410) 
thrown [s\src\hotspot\share\interpreter\linkResolver.cpp, line 759]
Event: 1.213 Thread 0x000001773a06a8a0 Exception <a 'java/lang/NoSuchMethodError'{0x000000008945f450}: 'java.lang.Object java.lang.invoke.DirectMethodHandle$Holder.invokeSpecial(java.lang.Object, java.lang.Object, java.lang.Object, java.lang.Object, java.lang.Object, java.lang.Object, java.lang.Object, int)'> (0x000000008945f450) 
thrown [s\src\hotspot\share\interpreter\linkResolver.cpp, line 759]
Event: 1.231 Thread 0x000001774c3b2c00 Exception <a 'java/lang/reflect/InvocationTargetException'{0x0000000089388f30}> (0x0000000089388f30) 
thrown [s\src\hotspot\share\runtime\reflection.cpp, line 1121]
Event: 1.236 Thread 0x000001774c3b2c00 Exception <a 'java/lang/NoSuchMethodError'{0x00000000893b37e0}: static [Ljava/lang/StackTraceElement;.<clinit>()V> (0x00000000893b37e0) 
thrown [s\src\hotspot\share\prims\jni.cpp, line 1107]
Event: 1.272 Thread 0x000001773a06a8a0 Exception <a 'java/lang/NoSuchMethodError'{0x00000000892cbfd8}: 'void java.lang.invoke.DirectMethodHandle$Holder.invokeSpecial(java.lang.Object, java.lang.Object, java.lang.Object, java.lang.Object, java.lang.Object)'> (0x00000000892cbfd8) 
thrown [s\src\hotspot\share\interpreter\linkResolver.cpp, line 759]
Event: 1.329 Thread 0x000001773a06a8a0 Exception <a 'java/lang/NoSuchMethodError'{0x0000000088f33ae8}: 'void java.lang.invoke.DirectMethodHandle$Holder.invokeSpecial(java.lang.Object, java.lang.Object, java.lang.Object, java.lang.Object, java.lang.Object, java.lang.Object)'> (0x0000000088f33ae8) 
thrown [s\src\hotspot\share\interpreter\linkResolver.cpp, line 759]

VM Operations (18 events):
Event: 0.147 Executing VM operation: HandshakeAllThreads
Event: 0.147 Executing VM operation: HandshakeAllThreads done
Event: 0.281 Executing VM operation: HandshakeAllThreads
Event: 0.281 Executing VM operation: HandshakeAllThreads done
Event: 0.331 Executing VM operation: HandshakeAllThreads
Event: 0.331 Executing VM operation: HandshakeAllThreads done
Event: 0.469 Executing VM operation: HandshakeAllThreads
Event: 0.469 Executing VM operation: HandshakeAllThreads done
Event: 0.634 Executing VM operation: HandshakeAllThreads
Event: 0.634 Executing VM operation: HandshakeAllThreads done
Event: 0.638 Executing VM operation: HandshakeAllThreads
Event: 0.638 Executing VM operation: HandshakeAllThreads done
Event: 0.987 Executing VM operation: HandshakeAllThreads
Event: 0.987 Executing VM operation: HandshakeAllThreads done
Event: 1.012 Executing VM operation: G1CollectForAllocation
Event: 1.021 Executing VM operation: G1CollectForAllocation done
Event: 1.206 Executing VM operation: HandshakeAllThreads
Event: 1.206 Executing VM operation: HandshakeAllThreads done

Events (20 events):
Event: 1.301 loading class sun/net/ProgressMonitor
Event: 1.301 loading class sun/net/ProgressMonitor done
Event: 1.301 loading class sun/net/DefaultProgressMeteringPolicy
Event: 1.301 loading class sun/net/ProgressMeteringPolicy
Event: 1.301 loading class sun/net/ProgressMeteringPolicy done
Event: 1.301 loading class sun/net/DefaultProgressMeteringPolicy done
Event: 1.321 loading class java/util/regex/Pattern$1
Event: 1.321 loading class java/util/regex/Pattern$1 done
Event: 1.323 loading class java/util/TreeMap$DescendingSubMap
Event: 1.324 loading class java/util/TreeMap$NavigableSubMap
Event: 1.324 loading class java/util/TreeMap$NavigableSubMap done
Event: 1.324 loading class java/util/TreeMap$DescendingSubMap done
Event: 1.324 loading class java/util/Collections$ReverseComparator
Event: 1.324 loading class java/util/Collections$ReverseComparator done
Event: 1.325 loading class java/util/TreeMap$NavigableSubMap$DescendingSubMapKeyIterator
Event: 1.325 loading class java/util/TreeMap$NavigableSubMap$SubMapIterator
Event: 1.325 loading class java/util/TreeMap$NavigableSubMap$SubMapIterator done
Event: 1.325 loading class java/util/TreeMap$NavigableSubMap$DescendingSubMapKeyIterator done
Event: 1.333 loading class java/util/stream/MatchOps$1MatchSink
Event: 1.333 loading class java/util/stream/MatchOps$1MatchSink done


Dynamic libraries:
0x00007ff73a630000 - 0x00007ff73a63e000 	C:\Users\horuz\.jdks\corretto-17.0.9\bin\java.exe
0x00007ffe83130000 - 0x00007ffe83346000 	C:\WINDOWS\SYSTEM32\ntdll.dll
0x00007ffe822e0000 - 0x00007ffe823a4000 	C:\WINDOWS\System32\KERNEL32.DLL
0x00007ffe80ad0000 - 0x00007ffe80e76000 	C:\WINDOWS\System32\KERNELBASE.dll
0x00007ffe80980000 - 0x00007ffe80a91000 	C:\WINDOWS\System32\ucrtbase.dll
0x00007ffe64770000 - 0x00007ffe6478b000 	C:\Users\horuz\.jdks\corretto-17.0.9\bin\VCRUNTIME140.dll
0x00007ffe60450000 - 0x00007ffe60467000 	C:\Users\horuz\.jdks\corretto-17.0.9\bin\jli.dll
0x00007ffe81d70000 - 0x00007ffe81f1d000 	C:\WINDOWS\System32\USER32.dll
0x00007ffe80aa0000 - 0x00007ffe80ac6000 	C:\WINDOWS\System32\win32u.dll
0x00007ffe724b0000 - 0x00007ffe72743000 	C:\WINDOWS\WinSxS\amd64_microsoft.windows.common-controls_6595b64144ccf1df_6.0.22621.3235_none_270f74e173860f98\COMCTL32.dll
0x00007ffe82ac0000 - 0x00007ffe82ae9000 	C:\WINDOWS\System32\GDI32.dll
0x00007ffe82180000 - 0x00007ffe82227000 	C:\WINDOWS\System32\msvcrt.dll
0x00007ffe80530000 - 0x00007ffe80648000 	C:\WINDOWS\System32\gdi32full.dll
0x00007ffe808e0000 - 0x00007ffe8097a000 	C:\WINDOWS\System32\msvcp_win.dll
0x00007ffe81f20000 - 0x00007ffe81f51000 	C:\WINDOWS\System32\IMM32.DLL
0x00007ffe70640000 - 0x00007ffe7064c000 	C:\Users\horuz\.jdks\corretto-17.0.9\bin\vcruntime140_1.dll
0x00007ffe4add0000 - 0x00007ffe4ae5d000 	C:\Users\horuz\.jdks\corretto-17.0.9\bin\msvcp140.dll
0x00007ffe33920000 - 0x00007ffe34581000 	C:\Users\horuz\.jdks\corretto-17.0.9\bin\server\jvm.dll
0x00007ffe81f60000 - 0x00007ffe82012000 	C:\WINDOWS\System32\ADVAPI32.dll
0x00007ffe82230000 - 0x00007ffe822d8000 	C:\WINDOWS\System32\sechost.dll
0x00007ffe806c0000 - 0x00007ffe806e8000 	C:\WINDOWS\System32\bcrypt.dll
0x00007ffe82460000 - 0x00007ffe82575000 	C:\WINDOWS\System32\RPCRT4.dll
0x00007ffe80340000 - 0x00007ffe8038d000 	C:\WINDOWS\SYSTEM32\POWRPROF.dll
0x00007ffe6da80000 - 0x00007ffe6da89000 	C:\WINDOWS\SYSTEM32\WSOCK32.dll
0x00007ffe79c10000 - 0x00007ffe79c44000 	C:\WINDOWS\SYSTEM32\WINMM.dll
0x00007ffe80f70000 - 0x00007ffe80fe1000 	C:\WINDOWS\System32\WS2_32.dll
0x00007ffe77ac0000 - 0x00007ffe77aca000 	C:\WINDOWS\SYSTEM32\VERSION.dll
0x00007ffe80320000 - 0x00007ffe80333000 	C:\WINDOWS\SYSTEM32\UMPDC.dll
0x00007ffe7f470000 - 0x00007ffe7f488000 	C:\WINDOWS\SYSTEM32\kernel.appcore.dll
0x00007ffe6cfc0000 - 0x00007ffe6cfca000 	C:\Users\horuz\.jdks\corretto-17.0.9\bin\jimage.dll
0x00007ffe6f3f0000 - 0x00007ffe6f623000 	C:\WINDOWS\SYSTEM32\DBGHELP.DLL
0x00007ffe81950000 - 0x00007ffe81cd8000 	C:\WINDOWS\System32\combase.dll
0x00007ffe82840000 - 0x00007ffe82917000 	C:\WINDOWS\System32\OLEAUT32.dll
0x00007ffe6e220000 - 0x00007ffe6e252000 	C:\WINDOWS\SYSTEM32\dbgcore.DLL
0x00007ffe80860000 - 0x00007ffe808da000 	C:\WINDOWS\System32\bcryptPrimitives.dll
0x00007ffe7b9a0000 - 0x00007ffe7b9ae000 	C:\Users\horuz\.jdks\corretto-17.0.9\bin\instrument.dll
0x00007ffe59fe0000 - 0x00007ffe5a005000 	C:\Users\horuz\.jdks\corretto-17.0.9\bin\java.dll
0x00007ffe3b9a0000 - 0x00007ffe3ba77000 	C:\Users\horuz\.jdks\corretto-17.0.9\bin\jsvml.dll
0x00007ffe810f0000 - 0x00007ffe8194d000 	C:\WINDOWS\System32\SHELL32.dll
0x00007ffe7e380000 - 0x00007ffe7ec78000 	C:\WINDOWS\SYSTEM32\windows.storage.dll
0x00007ffe7e240000 - 0x00007ffe7e37e000 	C:\WINDOWS\SYSTEM32\wintypes.dll
0x00007ffe82020000 - 0x00007ffe82113000 	C:\WINDOWS\System32\SHCORE.dll
0x00007ffe80e80000 - 0x00007ffe80ede000 	C:\WINDOWS\System32\shlwapi.dll
0x00007ffe803a0000 - 0x00007ffe803c6000 	C:\WINDOWS\SYSTEM32\profapi.dll
0x00007ffe63750000 - 0x00007ffe63768000 	C:\Users\horuz\.jdks\corretto-17.0.9\bin\zip.dll
0x00007ffe59b80000 - 0x00007ffe59b99000 	C:\Users\horuz\.jdks\corretto-17.0.9\bin\net.dll
0x00007ffe7a230000 - 0x00007ffe7a367000 	C:\WINDOWS\SYSTEM32\WINHTTP.dll
0x00007ffe7f8e0000 - 0x00007ffe7f949000 	C:\WINDOWS\system32\mswsock.dll
0x00007ffe59940000 - 0x00007ffe59956000 	C:\Users\horuz\.jdks\corretto-17.0.9\bin\nio.dll
0x00007ffe780f0000 - 0x00007ffe7810a000 	C:\Program Files\JetBrains\IntelliJ IDEA 2023.3.4\bin\breakgen64.dll
0x00007ffe7ef50000 - 0x00007ffe7f049000 	C:\WINDOWS\SYSTEM32\DNSAPI.dll
0x00007ffe7eee0000 - 0x00007ffe7ef0d000 	C:\WINDOWS\SYSTEM32\IPHLPAPI.DLL
0x00007ffe82740000 - 0x00007ffe82749000 	C:\WINDOWS\System32\NSI.dll
0x0000000063560000 - 0x0000000063569000 	C:\Program Files\National Instruments\Shared\mDNS Responder\nimdnsNSP.dll
0x0000000063550000 - 0x000000006355e000 	C:\WINDOWS\SYSTEM32\nimdnsResponder.dll
0x0000000068ff0000 - 0x0000000069093000 	C:\WINDOWS\WinSxS\amd64_microsoft.vc90.crt_1fc8b3b9a1e18e3b_9.0.30729.9635_none_08e2c157a83ed5da\MSVCR90.dll
0x00007ffe77290000 - 0x00007ffe7729a000 	C:\Windows\System32\rasadhlp.dll
0x00007ffe78110000 - 0x00007ffe78193000 	C:\WINDOWS\System32\fwpuclnt.dll
0x00007ffe7b990000 - 0x00007ffe7b999000 	C:\Users\horuz\.jdks\corretto-17.0.9\bin\management.dll
0x00007ffe780e0000 - 0x00007ffe780eb000 	C:\Users\horuz\.jdks\corretto-17.0.9\bin\management_ext.dll
0x00007ffe82780000 - 0x00007ffe82788000 	C:\WINDOWS\System32\PSAPI.DLL
0x00007ffe7fc30000 - 0x00007ffe7fc4b000 	C:\WINDOWS\SYSTEM32\CRYPTSP.dll
0x00007ffe7f3d0000 - 0x00007ffe7f405000 	C:\WINDOWS\system32\rsaenh.dll
0x00007ffe7f980000 - 0x00007ffe7f9ac000 	C:\WINDOWS\SYSTEM32\USERENV.dll
0x00007ffe7fc10000 - 0x00007ffe7fc1c000 	C:\WINDOWS\SYSTEM32\CRYPTBASE.dll
0x00007ffe7a180000 - 0x00007ffe7a199000 	C:\WINDOWS\SYSTEM32\dhcpcsvc6.DLL
0x00007ffe7a0f0000 - 0x00007ffe7a10f000 	C:\WINDOWS\SYSTEM32\dhcpcsvc.DLL
0x00007ffe6acd0000 - 0x00007ffe6ace7000 	C:\WINDOWS\system32\napinsp.dll
0x00007ffe6a610000 - 0x00007ffe6a62b000 	C:\WINDOWS\system32\pnrpnsp.dll
0x00007ffe6a530000 - 0x00007ffe6a541000 	C:\WINDOWS\System32\winrnr.dll
0x00007ffe69f30000 - 0x00007ffe69f45000 	C:\WINDOWS\system32\wshbth.dll
0x00007ffe69f00000 - 0x00007ffe69f21000 	C:\WINDOWS\system32\nlansp_c.dll

dbghelp: loaded successfully - version: 4.0.5 - missing functions: none
symbol engine: initialized successfully - sym options: 0x614 - pdb path: .;C:\Users\horuz\.jdks\corretto-17.0.9\bin;C:\WINDOWS\SYSTEM32;C:\WINDOWS\WinSxS\amd64_microsoft.windows.common-controls_6595b64144ccf1df_6.0.22621.3235_none_270f74e173860f98;C:\Users\horuz\.jdks\corretto-17.0.9\bin\server;C:\Program Files\JetBrains\IntelliJ IDEA 2023.3.4\bin;C:\Program Files\National Instruments\Shared\mDNS Responder;C:\WINDOWS\WinSxS\amd64_microsoft.vc90.crt_1fc8b3b9a1e18e3b_9.0.30729.9635_none_08e2c157a83ed5da

VM Arguments:
jvm_args: -XX:TieredStopAtLevel=1 -Dspring.output.ansi.enabled=always -Dcom.sun.management.jmxremote -Dspring.jmx.enabled=true -Dspring.liveBeansView.mbeanDomain -Dspring.application.admin.enabled=true -Dmanagement.endpoints.jmx.exposure.include=* -javaagent:C:\Program Files\JetBrains\IntelliJ IDEA 2023.3.4\lib\idea_rt.jar=62737:C:\Program Files\JetBrains\IntelliJ IDEA 2023.3.4\bin -Dfile.encoding=UTF-8 
java_command: com.example.toiletapps.ToiletAppsApplication
java_class_path (initial): C:\Users\horuz\IdeaProjects\toilet-apps\target\classes;C:\Users\horuz\.m2\repository\org\springframework\boot\spring-boot-starter-data-jpa\3.1.9\spring-boot-starter-data-jpa-3.1.9.jar;C:\Users\horuz\.m2\repository\org\springframework\boot\spring-boot-starter-aop\3.1.9\spring-boot-starter-aop-3.1.9.jar;C:\Users\horuz\.m2\repository\org\aspectj\aspectjweaver\1.9.21\aspectjweaver-1.9.21.jar;C:\Users\horuz\.m2\repository\org\springframework\boot\spring-boot-starter-jdbc\3.1.9\spring-boot-starter-jdbc-3.1.9.jar;C:\Users\horuz\.m2\repository\com\zaxxer\HikariCP\5.0.1\HikariCP-5.0.1.jar;C:\Users\horuz\.m2\repository\org\springframework\spring-jdbc\6.0.17\spring-jdbc-6.0.17.jar;C:\Users\horuz\.m2\repository\org\hibernate\orm\hibernate-core\6.2.22.Final\hibernate-core-6.2.22.Final.jar;C:\Users\horuz\.m2\repository\jakarta\persistence\jakarta.persistence-api\3.1.0\jakarta.persistence-api-3.1.0.jar;C:\Users\horuz\.m2\repository\jakarta\transaction\jakarta.transaction-api\2.0.1\jakarta.transaction-api-2.0.1.jar;C:\Users\horuz\.m2\repository\org\jboss\logging\jboss-logging\3.5.3.Final\jboss-logging-3.5.3.Final.jar;C:\Users\horuz\.m2\repository\org\hibernate\common\hibernate-commons-annotations\6.0.6.Final\hibernate-commons-annotations-6.0.6.Final.jar;C:\Users\horuz\.m2\repository\io\smallrye\jandex\3.0.5\jandex-3.0.5.jar;C:\Users\horuz\.m2\repository\com\fasterxml\classmate\1.5.1\classmate-1.5.1.jar;C:\Users\horuz\.m2\repository\net\bytebuddy\byte-buddy\1.14.12\byte-buddy-1.14.12.jar;C:\Users\horuz\.m2\repository\org\glassfish\jaxb\jaxb-runtime\4.0.4\jaxb-runtime-4.0.4.jar;C:\Users\horuz\.m2\repository\org\glassfish\jaxb\jaxb-core\4.0.4\jaxb-core-4.0.4.jar;C:\Users\horuz\.m2\repository\org\eclipse\angus\angus-activation\2.0.1\angus-activation-2.0.1.jar;C:\Users\horuz\.m2\repository\org\glassfish\jaxb\txw2\4.0.4\txw2-4.0.4.jar;C:\Users\horuz\.m2\repository\com\sun\istack\istack-commons-runtime\4.1.2\istack-commons-runtime-4.1.2.jar;C:\Users\horuz\.m2\
Launcher Type: SUN_STANDARD

[Global flags]
     intx CICompilerCount                          = 4                                         {product} {ergonomic}
     uint ConcGCThreads                            = 2                                         {product} {ergonomic}
     uint G1ConcRefinementThreads                  = 8                                         {product} {ergonomic}
   size_t G1HeapRegionSize                         = 1048576                                   {product} {ergonomic}
    uintx GCDrainStackTargetSize                   = 64                                        {product} {ergonomic}
   size_t InitialHeapSize                          = 134217728                                 {product} {ergonomic}
     bool ManagementServer                         = true                                      {product} {command line}
   size_t MarkStackSize                            = 4194304                                   {product} {ergonomic}
   size_t MaxHeapSize                              = 2118123520                                {product} {ergonomic}
   size_t MaxNewSize                               = 1270874112                                {product} {ergonomic}
   size_t MinHeapDeltaBytes                        = 1048576                                   {product} {ergonomic}
   size_t MinHeapSize                              = 8388608                                   {product} {ergonomic}
    uintx NonProfiledCodeHeapSize                  = 0                                      {pd product} {ergonomic}
     bool ProfileInterpreter                       = false                                  {pd product} {command line}
    uintx ProfiledCodeHeapSize                     = 0                                      {pd product} {ergonomic}
   size_t SoftMaxHeapSize                          = 2118123520                             {manageable} {ergonomic}
     intx TieredStopAtLevel                        = 1                                         {product} {command line}
     bool UseCompressedClassPointers               = true                           {product lp64_product} {ergonomic}
     bool UseCompressedOops                        = true                           {product lp64_product} {ergonomic}
     bool UseG1GC                                  = true                                      {product} {ergonomic}
     bool UseLargePagesIndividualAllocation        = false                                  {pd product} {ergonomic}

Logging:
Log output configuration:
 #0: stdout all=warning uptime,level,tags
 #1: stderr all=off uptime,level,tags

Environment Variables:
PATH=C:\oraclexe\app\oracle\product\11.2.0\server\bin;;D:\VM\bin\;C:\Program Files\Microsoft\jdk-17.0.10.7-hotspot\bin;C:\WINDOWS\system32;C:\WINDOWS;C:\WINDOWS\System32\Wbem;C:\WINDOWS\System32\WindowsPowerShell\v1.0\;C:\WINDOWS\System32\OpenSSH\;C:\Program Files\nodejs\;C:\Program Files\Git\cmd;C:\Program Files (x86)\Microsoft SQL Server\160\Tools\Binn\;C:\Program Files\Microsoft SQL Server\160\Tools\Binn\;C:\Program Files\Microsoft SQL Server\Client SDK\ODBC\170\Tools\Binn\;C:\Program Files\Microsoft SQL Server\160\DTS\Binn\;C:\Program Files\Microsoft SQL Server\130\Tools\Binn\;C:\Program Files (x86)\Microsoft SQL Server\160\DTS\Binn\;C:\Program Files\Azure Data Studio\bin;C:\Users\horuz\source\cv\opencv\build\x64\vc15\bin;C:\Program Files\MySQL\MySQL Shell 8.0\bin\;C:\Users\horuz\AppData\Local\Programs\Python\Launcher\;C:\Users\horuz\AppData\Local\Microsoft\WindowsApps;C:\Users\horuz\AppData\Local\Programs\Microsoft VS Code\bin;C:\Users\horuz\AppData\Roaming\npm;C:\Program Files\Azure Data Studio\bin;C:\Users\horuz\AppData\Local\GitHubDesktop\bin;C:\Program Files\Azure Data Studio\bin;
USERNAME=horuz
OS=Windows_NT
PROCESSOR_IDENTIFIER=Intel64 Family 6 Model 60 Stepping 3, GenuineIntel
TMP=C:\Users\horuz\AppData\Local\Temp
TEMP=C:\Users\horuz\AppData\Local\Temp



Periodic native trim disabled


---------------  S Y S T E M  ---------------

OS:
 Windows 11 , 64 bit Build 22621 (10.0.22621.3235)
OS uptime: 0 days 5:29 hours
Hyper-V role detected

CPU: total 8 (initial active 8) (4 cores per cpu, 2 threads per core) family 6 model 60 stepping 3 microcode 0x28, cx8, cmov, fxsr, ht, mmx, sse, sse2, sse3, ssse3, sse4.1, sse4.2, popcnt, lzcnt, tsc, tscinvbit, avx, avx2, aes, erms, clmul, bmi1, bmi2, fma, vzeroupper, clflush, hv
Processor Information for all 8 processors :
  Max Mhz: 2401, Current Mhz: 2401, Mhz Limit: 2401

Memory: 4k page, system-wide physical 8075M (758M free)
TotalPageFile size 12605M (AvailPageFile size 5M)
current process WorkingSet (physical memory assigned to process): 88M, peak: 88M
current process commit charge ("private bytes"): 229M, peak: 229M

vm_info: OpenJDK 64-Bit Server VM (17.0.9+8-LTS) for windows-amd64 JRE (17.0.9+8-LTS), built on Oct 12 2023 16:15:33 by "Administrator" with MS VC++ 16.10 / 16.11 (VS2019)

END.
